{
  "stats": {
    "suites": 2,
    "tests": 3,
    "passes": 3,
    "pending": 0,
    "failures": 0,
    "start": "2017-09-16T06:16:32.724Z",
    "end": "2017-09-16T06:16:58.111Z",
    "duration": 25387,
    "testsRegistered": 3,
    "passPercent": 100,
    "pendingPercent": 0,
    "other": 0,
    "hasOther": false,
    "skipped": 0,
    "hasSkipped": false,
    "passPercentClass": "success",
    "pendingPercentClass": "danger"
  },
  "suites": {
    "title": "",
    "suites": [
      {
        "title": "链接测试",
        "suites": [
          {
            "title": "用例:链接测试",
            "suites": [],
            "tests": [
              {
                "title": "发布话题",
                "fullTitle": "链接测试 用例:链接测试 发布话题",
                "timedOut": false,
                "duration": 2293,
                "state": "passed",
                "speed": "slow",
                "pass": true,
                "fail": false,
                "pending": false,
                "code": "async function (){\n            await driver.findElement(By.id('create_topic_btn')).click();\n            await driver.findElement(By.id('tab-value')).click();\n            await driver.findElement(By.xpath('//*[@id=\"tab-value\"]/option[3]')).click();\n            await driver.findElement(By.id('title')).sendKeys('你我皆bus人')\n            await driver.findElement(By.className('CodeMirror-scroll')).click();\n            await driver.actions().mouseMove(driver.findElement(By.className('CodeMirror-scroll'))).sendKeys('你可以放心，我不会为了留你而假装可怜兮兮').perform();\n            await driver.findElement(By.className('span-primary submit_btn')).click()",
                "err": {},
                "isRoot": false,
                "uuid": "5a46eef1-40e8-4b64-b631-7737a205986d",
                "parentUUID": "47a2ad5e-fa6b-4259-90c6-cfe4a1b267db",
                "isHook": false,
                "skipped": false
              },
              {
                "title": "点击删除按钮",
                "fullTitle": "链接测试 用例:链接测试 点击删除按钮",
                "timedOut": false,
                "duration": 159,
                "state": "passed",
                "speed": "slow",
                "pass": true,
                "fail": false,
                "pending": false,
                "code": "async function (){\n            await driver.findElement(By.className('fa fa-lg fa-trash')).click()",
                "err": {},
                "isRoot": false,
                "uuid": "76919cc4-c6b9-4eaa-90f8-e3a9331516b3",
                "parentUUID": "47a2ad5e-fa6b-4259-90c6-cfe4a1b267db",
                "isHook": false,
                "skipped": false
              },
              {
                "title": "切换到删除界面",
                "fullTitle": "链接测试 用例:链接测试 切换到删除界面",
                "timedOut": false,
                "duration": 2,
                "state": "passed",
                "speed": "fast",
                "pass": true,
                "fail": false,
                "pending": false,
                "code": "async function (){\n            let Alert = driver.switchTo().alert()\n                driver.sleep(5000)\n                Alert.accept();",
                "err": {},
                "isRoot": false,
                "uuid": "d97a19e0-634f-495e-b3c5-84d96f85c344",
                "parentUUID": "47a2ad5e-fa6b-4259-90c6-cfe4a1b267db",
                "isHook": false,
                "skipped": false
              }
            ],
            "pending": [],
            "root": false,
            "_timeout": 60000,
            "file": "\\delete.js",
            "uuid": "47a2ad5e-fa6b-4259-90c6-cfe4a1b267db",
            "beforeHooks": [],
            "afterHooks": [],
            "fullFile": "D:\\Auto-test\\testcode\\cnode-test\\delete.js",
            "passes": [
              {
                "title": "发布话题",
                "fullTitle": "链接测试 用例:链接测试 发布话题",
                "timedOut": false,
                "duration": 2293,
                "state": "passed",
                "speed": "slow",
                "pass": true,
                "fail": false,
                "pending": false,
                "code": "async function (){\n            await driver.findElement(By.id('create_topic_btn')).click();\n            await driver.findElement(By.id('tab-value')).click();\n            await driver.findElement(By.xpath('//*[@id=\"tab-value\"]/option[3]')).click();\n            await driver.findElement(By.id('title')).sendKeys('你我皆bus人')\n            await driver.findElement(By.className('CodeMirror-scroll')).click();\n            await driver.actions().mouseMove(driver.findElement(By.className('CodeMirror-scroll'))).sendKeys('你可以放心，我不会为了留你而假装可怜兮兮').perform();\n            await driver.findElement(By.className('span-primary submit_btn')).click()",
                "err": {},
                "isRoot": false,
                "uuid": "5a46eef1-40e8-4b64-b631-7737a205986d",
                "parentUUID": "47a2ad5e-fa6b-4259-90c6-cfe4a1b267db",
                "isHook": false,
                "skipped": false
              },
              {
                "title": "点击删除按钮",
                "fullTitle": "链接测试 用例:链接测试 点击删除按钮",
                "timedOut": false,
                "duration": 159,
                "state": "passed",
                "speed": "slow",
                "pass": true,
                "fail": false,
                "pending": false,
                "code": "async function (){\n            await driver.findElement(By.className('fa fa-lg fa-trash')).click()",
                "err": {},
                "isRoot": false,
                "uuid": "76919cc4-c6b9-4eaa-90f8-e3a9331516b3",
                "parentUUID": "47a2ad5e-fa6b-4259-90c6-cfe4a1b267db",
                "isHook": false,
                "skipped": false
              },
              {
                "title": "切换到删除界面",
                "fullTitle": "链接测试 用例:链接测试 切换到删除界面",
                "timedOut": false,
                "duration": 2,
                "state": "passed",
                "speed": "fast",
                "pass": true,
                "fail": false,
                "pending": false,
                "code": "async function (){\n            let Alert = driver.switchTo().alert()\n                driver.sleep(5000)\n                Alert.accept();",
                "err": {},
                "isRoot": false,
                "uuid": "d97a19e0-634f-495e-b3c5-84d96f85c344",
                "parentUUID": "47a2ad5e-fa6b-4259-90c6-cfe4a1b267db",
                "isHook": false,
                "skipped": false
              }
            ],
            "failures": [],
            "skipped": [],
            "hasBeforeHooks": false,
            "hasAfterHooks": false,
            "hasTests": true,
            "hasSuites": false,
            "totalTests": 3,
            "totalPasses": 3,
            "totalFailures": 0,
            "totalPending": 0,
            "totalSkipped": 0,
            "hasPasses": true,
            "hasFailures": false,
            "hasPending": false,
            "hasSkipped": false,
            "duration": 2454,
            "rootEmpty": false
          }
        ],
        "tests": [],
        "pending": [],
        "root": false,
        "_timeout": 60000,
        "file": "\\delete.js",
        "uuid": "6425f825-8adb-4368-a72e-72b56ed17ed3",
        "beforeHooks": [
          {
            "title": "\"before all\" hook",
            "fullTitle": "链接测试 \"before all\" hook",
            "timedOut": false,
            "duration": 17866,
            "pass": false,
            "fail": false,
            "pending": false,
            "code": "async function () {//打开两个界面？\n            await driver.sleep(3000)          \n            await driver.get('http://192.168.21.128:3000/signin');\n            await driver.findElement(By.id('name')).sendKeys('ronnie');\n            await driver.findElement(By.id('pass')).sendKeys('123456');\n            await driver.findElement(By.className('span-primary')).click();",
            "err": {},
            "isRoot": false,
            "uuid": "3bff300c-ce9a-459a-9bdd-f6451ab86a05",
            "parentUUID": "6425f825-8adb-4368-a72e-72b56ed17ed3",
            "isHook": true,
            "skipped": false
          }
        ],
        "afterHooks": [
          {
            "title": "\"after all\" hook",
            "fullTitle": "链接测试 \"after all\" hook",
            "timedOut": false,
            "duration": 5001,
            "pass": false,
            "fail": false,
            "pending": false,
            "code": "async function () {\n            await driver.sleep(5000)",
            "err": {},
            "isRoot": false,
            "uuid": "f41092c8-3ef7-473f-a6a6-d0bcb3f930ba",
            "parentUUID": "6425f825-8adb-4368-a72e-72b56ed17ed3",
            "isHook": true,
            "skipped": false
          }
        ],
        "fullFile": "D:\\Auto-test\\testcode\\cnode-test\\delete.js",
        "passes": [],
        "failures": [],
        "skipped": [],
        "hasBeforeHooks": true,
        "hasAfterHooks": true,
        "hasTests": false,
        "hasSuites": true,
        "totalTests": 0,
        "totalPasses": 0,
        "totalFailures": 0,
        "totalPending": 0,
        "totalSkipped": 0,
        "hasPasses": false,
        "hasFailures": false,
        "hasPending": false,
        "hasSkipped": false,
        "duration": 0,
        "rootEmpty": false
      }
    ],
    "tests": [],
    "pending": [],
    "root": true,
    "_timeout": 2000,
    "uuid": "a32d6962-e3b4-4c96-8d01-110fe5d6f49d",
    "beforeHooks": [],
    "afterHooks": [],
    "fullFile": "",
    "file": "",
    "passes": [],
    "failures": [],
    "skipped": [],
    "hasBeforeHooks": false,
    "hasAfterHooks": false,
    "hasTests": false,
    "hasSuites": true,
    "totalTests": 0,
    "totalPasses": 0,
    "totalFailures": 0,
    "totalPending": 0,
    "totalSkipped": 0,
    "hasPasses": false,
    "hasFailures": false,
    "hasPending": false,
    "hasSkipped": false,
    "duration": 0,
    "rootEmpty": true
  },
  "allTests": [
    {
      "title": "发布话题",
      "fullTitle": "用例:链接测试 发布话题",
      "timedOut": false,
      "duration": 2293,
      "state": "passed",
      "speed": "slow",
      "pass": true,
      "fail": false,
      "pending": false,
      "code": "async function (){\n            await driver.findElement(By.id('create_topic_btn')).click();\n            await driver.findElement(By.id('tab-value')).click();\n            await driver.findElement(By.xpath('//*[@id=\"tab-value\"]/option[3]')).click();\n            await driver.findElement(By.id('title')).sendKeys('你我皆bus人')\n            await driver.findElement(By.className('CodeMirror-scroll')).click();\n            await driver.actions().mouseMove(driver.findElement(By.className('CodeMirror-scroll'))).sendKeys('你可以放心，我不会为了留你而假装可怜兮兮').perform();\n            await driver.findElement(By.className('span-primary submit_btn')).click()",
      "err": {},
      "isRoot": false,
      "uuid": "5a46eef1-40e8-4b64-b631-7737a205986d",
      "parentUUID": "47a2ad5e-fa6b-4259-90c6-cfe4a1b267db",
      "isHook": false,
      "skipped": false
    },
    {
      "title": "点击删除按钮",
      "fullTitle": "用例:链接测试 点击删除按钮",
      "timedOut": false,
      "duration": 159,
      "state": "passed",
      "speed": "slow",
      "pass": true,
      "fail": false,
      "pending": false,
      "code": "async function (){\n            await driver.findElement(By.className('fa fa-lg fa-trash')).click()",
      "err": {},
      "isRoot": false,
      "uuid": "76919cc4-c6b9-4eaa-90f8-e3a9331516b3",
      "parentUUID": "47a2ad5e-fa6b-4259-90c6-cfe4a1b267db",
      "isHook": false,
      "skipped": false
    },
    {
      "title": "切换到删除界面",
      "fullTitle": "用例:链接测试 切换到删除界面",
      "timedOut": false,
      "duration": 2,
      "state": "passed",
      "speed": "fast",
      "pass": true,
      "fail": false,
      "pending": false,
      "code": "async function (){\n            let Alert = driver.switchTo().alert()\n                driver.sleep(5000)\n                Alert.accept();",
      "err": {},
      "isRoot": false,
      "uuid": "d97a19e0-634f-495e-b3c5-84d96f85c344",
      "parentUUID": "47a2ad5e-fa6b-4259-90c6-cfe4a1b267db",
      "isHook": false,
      "skipped": false
    }
  ],
  "allPending": [],
  "allPasses": [
    {
      "title": "发布话题",
      "fullTitle": "用例:链接测试 发布话题",
      "timedOut": false,
      "duration": 2293,
      "state": "passed",
      "speed": "slow",
      "pass": true,
      "fail": false,
      "pending": false,
      "code": "async function (){\n            await driver.findElement(By.id('create_topic_btn')).click();\n            await driver.findElement(By.id('tab-value')).click();\n            await driver.findElement(By.xpath('//*[@id=\"tab-value\"]/option[3]')).click();\n            await driver.findElement(By.id('title')).sendKeys('你我皆bus人')\n            await driver.findElement(By.className('CodeMirror-scroll')).click();\n            await driver.actions().mouseMove(driver.findElement(By.className('CodeMirror-scroll'))).sendKeys('你可以放心，我不会为了留你而假装可怜兮兮').perform();\n            await driver.findElement(By.className('span-primary submit_btn')).click()",
      "err": {},
      "isRoot": false,
      "uuid": "5a46eef1-40e8-4b64-b631-7737a205986d",
      "parentUUID": "47a2ad5e-fa6b-4259-90c6-cfe4a1b267db",
      "isHook": false,
      "skipped": false
    },
    {
      "title": "点击删除按钮",
      "fullTitle": "用例:链接测试 点击删除按钮",
      "timedOut": false,
      "duration": 159,
      "state": "passed",
      "speed": "slow",
      "pass": true,
      "fail": false,
      "pending": false,
      "code": "async function (){\n            await driver.findElement(By.className('fa fa-lg fa-trash')).click()",
      "err": {},
      "isRoot": false,
      "uuid": "76919cc4-c6b9-4eaa-90f8-e3a9331516b3",
      "parentUUID": "47a2ad5e-fa6b-4259-90c6-cfe4a1b267db",
      "isHook": false,
      "skipped": false
    },
    {
      "title": "切换到删除界面",
      "fullTitle": "用例:链接测试 切换到删除界面",
      "timedOut": false,
      "duration": 2,
      "state": "passed",
      "speed": "fast",
      "pass": true,
      "fail": false,
      "pending": false,
      "code": "async function (){\n            let Alert = driver.switchTo().alert()\n                driver.sleep(5000)\n                Alert.accept();",
      "err": {},
      "isRoot": false,
      "uuid": "d97a19e0-634f-495e-b3c5-84d96f85c344",
      "parentUUID": "47a2ad5e-fa6b-4259-90c6-cfe4a1b267db",
      "isHook": false,
      "skipped": false
    }
  ],
  "allFailures": [],
  "copyrightYear": 2017
}