{
  "stats": {
    "suites": 7,
    "tests": 34,
    "passes": 34,
    "pending": 0,
    "failures": 0,
    "start": "2017-09-11T03:13:38.565Z",
    "end": "2017-09-11T03:13:51.945Z",
    "duration": 13380,
    "testsRegistered": 34,
    "passPercent": 100,
    "pendingPercent": 0,
    "other": 0,
    "hasOther": false,
    "skipped": 0,
    "hasSkipped": false,
    "passPercentClass": "success",
    "pendingPercentClass": "danger"
  },
  "suites": {
    "title": "",
    "suites": [
      {
        "title": "cnode注册登录测试",
        "suites": [
          {
            "title": "用例1：正常注册",
            "suites": [],
            "tests": [
              {
                "title": "打开注册界面",
                "fullTitle": "cnode注册登录测试 用例1：正常注册 打开注册界面",
                "timedOut": false,
                "duration": 6009,
                "state": "passed",
                "speed": "slow",
                "pass": true,
                "fail": false,
                "pending": false,
                "code": "async function (){\n            await driver.get('http://192.168.21.128:3000/signup')",
                "err": {},
                "isRoot": false,
                "uuid": "65ee05c4-ffbe-4f1a-ac82-ab3f9d4dbb4c",
                "parentUUID": "86de8941-6c7b-4cc3-841e-501acda85f42",
                "isHook": false,
                "skipped": false
              },
              {
                "title": "输入用户名",
                "fullTitle": "cnode注册登录测试 用例1：正常注册 输入用户名",
                "timedOut": false,
                "duration": 152,
                "state": "passed",
                "speed": "slow",
                "pass": true,
                "fail": false,
                "pending": false,
                "code": "async function (){\n            await driver.findElement(By.id('loginname')).sendKeys('nihao')",
                "err": {},
                "isRoot": false,
                "uuid": "28d7875d-15eb-458e-8b64-ef0e357990bc",
                "parentUUID": "86de8941-6c7b-4cc3-841e-501acda85f42",
                "isHook": false,
                "skipped": false
              },
              {
                "title": "输入密码",
                "fullTitle": "cnode注册登录测试 用例1：正常注册 输入密码",
                "timedOut": false,
                "duration": 149,
                "state": "passed",
                "speed": "slow",
                "pass": true,
                "fail": false,
                "pending": false,
                "code": "async function (){\n            await driver.findElement(By.id('pass')).sendKeys('123456')",
                "err": {},
                "isRoot": false,
                "uuid": "6a50e91d-d3e1-4275-9761-25bcdf0d6b6a",
                "parentUUID": "86de8941-6c7b-4cc3-841e-501acda85f42",
                "isHook": false,
                "skipped": false
              },
              {
                "title": "确认密码",
                "fullTitle": "cnode注册登录测试 用例1：正常注册 确认密码",
                "timedOut": false,
                "duration": 154,
                "state": "passed",
                "speed": "slow",
                "pass": true,
                "fail": false,
                "pending": false,
                "code": "async function (){\n            await driver.findElement(By.id('re_pass')).sendKeys('123456')",
                "err": {},
                "isRoot": false,
                "uuid": "323729f7-c192-4851-a1d1-97d6a5596ed5",
                "parentUUID": "86de8941-6c7b-4cc3-841e-501acda85f42",
                "isHook": false,
                "skipped": false
              },
              {
                "title": "输入注册邮箱",
                "fullTitle": "cnode注册登录测试 用例1：正常注册 输入注册邮箱",
                "timedOut": false,
                "duration": 239,
                "state": "passed",
                "speed": "slow",
                "pass": true,
                "fail": false,
                "pending": false,
                "code": "async function (){\n            await driver.findElement(By.id('email')).sendKeys('327821859@qq.com')",
                "err": {},
                "isRoot": false,
                "uuid": "019d59f7-fd64-44f1-bd0d-a3035dbec766",
                "parentUUID": "86de8941-6c7b-4cc3-841e-501acda85f42",
                "isHook": false,
                "skipped": false
              },
              {
                "title": "点击注册按钮",
                "fullTitle": "cnode注册登录测试 用例1：正常注册 点击注册按钮",
                "timedOut": false,
                "duration": 657,
                "state": "passed",
                "speed": "slow",
                "pass": true,
                "fail": false,
                "pending": false,
                "code": "async function (){\n            await driver.findElement(By.className('span-primary')).click()",
                "err": {},
                "isRoot": false,
                "uuid": "38b6595b-79e1-4e25-931d-4c0061387932",
                "parentUUID": "86de8941-6c7b-4cc3-841e-501acda85f42",
                "isHook": false,
                "skipped": false
              }
            ],
            "pending": [],
            "root": false,
            "_timeout": 60000,
            "file": "\\zhuce.js",
            "uuid": "86de8941-6c7b-4cc3-841e-501acda85f42",
            "beforeHooks": [],
            "afterHooks": [],
            "fullFile": "D:\\Auto-test\\testcode\\Mocha-cnode\\zhuce.js",
            "passes": [
              {
                "title": "打开注册界面",
                "fullTitle": "cnode注册登录测试 用例1：正常注册 打开注册界面",
                "timedOut": false,
                "duration": 6009,
                "state": "passed",
                "speed": "slow",
                "pass": true,
                "fail": false,
                "pending": false,
                "code": "async function (){\n            await driver.get('http://192.168.21.128:3000/signup')",
                "err": {},
                "isRoot": false,
                "uuid": "65ee05c4-ffbe-4f1a-ac82-ab3f9d4dbb4c",
                "parentUUID": "86de8941-6c7b-4cc3-841e-501acda85f42",
                "isHook": false,
                "skipped": false
              },
              {
                "title": "输入用户名",
                "fullTitle": "cnode注册登录测试 用例1：正常注册 输入用户名",
                "timedOut": false,
                "duration": 152,
                "state": "passed",
                "speed": "slow",
                "pass": true,
                "fail": false,
                "pending": false,
                "code": "async function (){\n            await driver.findElement(By.id('loginname')).sendKeys('nihao')",
                "err": {},
                "isRoot": false,
                "uuid": "28d7875d-15eb-458e-8b64-ef0e357990bc",
                "parentUUID": "86de8941-6c7b-4cc3-841e-501acda85f42",
                "isHook": false,
                "skipped": false
              },
              {
                "title": "输入密码",
                "fullTitle": "cnode注册登录测试 用例1：正常注册 输入密码",
                "timedOut": false,
                "duration": 149,
                "state": "passed",
                "speed": "slow",
                "pass": true,
                "fail": false,
                "pending": false,
                "code": "async function (){\n            await driver.findElement(By.id('pass')).sendKeys('123456')",
                "err": {},
                "isRoot": false,
                "uuid": "6a50e91d-d3e1-4275-9761-25bcdf0d6b6a",
                "parentUUID": "86de8941-6c7b-4cc3-841e-501acda85f42",
                "isHook": false,
                "skipped": false
              },
              {
                "title": "确认密码",
                "fullTitle": "cnode注册登录测试 用例1：正常注册 确认密码",
                "timedOut": false,
                "duration": 154,
                "state": "passed",
                "speed": "slow",
                "pass": true,
                "fail": false,
                "pending": false,
                "code": "async function (){\n            await driver.findElement(By.id('re_pass')).sendKeys('123456')",
                "err": {},
                "isRoot": false,
                "uuid": "323729f7-c192-4851-a1d1-97d6a5596ed5",
                "parentUUID": "86de8941-6c7b-4cc3-841e-501acda85f42",
                "isHook": false,
                "skipped": false
              },
              {
                "title": "输入注册邮箱",
                "fullTitle": "cnode注册登录测试 用例1：正常注册 输入注册邮箱",
                "timedOut": false,
                "duration": 239,
                "state": "passed",
                "speed": "slow",
                "pass": true,
                "fail": false,
                "pending": false,
                "code": "async function (){\n            await driver.findElement(By.id('email')).sendKeys('327821859@qq.com')",
                "err": {},
                "isRoot": false,
                "uuid": "019d59f7-fd64-44f1-bd0d-a3035dbec766",
                "parentUUID": "86de8941-6c7b-4cc3-841e-501acda85f42",
                "isHook": false,
                "skipped": false
              },
              {
                "title": "点击注册按钮",
                "fullTitle": "cnode注册登录测试 用例1：正常注册 点击注册按钮",
                "timedOut": false,
                "duration": 657,
                "state": "passed",
                "speed": "slow",
                "pass": true,
                "fail": false,
                "pending": false,
                "code": "async function (){\n            await driver.findElement(By.className('span-primary')).click()",
                "err": {},
                "isRoot": false,
                "uuid": "38b6595b-79e1-4e25-931d-4c0061387932",
                "parentUUID": "86de8941-6c7b-4cc3-841e-501acda85f42",
                "isHook": false,
                "skipped": false
              }
            ],
            "failures": [],
            "skipped": [],
            "hasBeforeHooks": false,
            "hasAfterHooks": false,
            "hasTests": true,
            "hasSuites": false,
            "totalTests": 6,
            "totalPasses": 6,
            "totalFailures": 0,
            "totalPending": 0,
            "totalSkipped": 0,
            "hasPasses": true,
            "hasFailures": false,
            "hasPending": false,
            "hasSkipped": false,
            "duration": 7360,
            "rootEmpty": false
          },
          {
            "title": "用例2：两次密码不一致",
            "suites": [],
            "tests": [
              {
                "title": "打开注册界面",
                "fullTitle": "cnode注册登录测试 用例2：两次密码不一致 打开注册界面",
                "timedOut": false,
                "duration": 267,
                "state": "passed",
                "speed": "slow",
                "pass": true,
                "fail": false,
                "pending": false,
                "code": "async function (){\n            await driver.get('http://192.168.21.128:3000/signup')",
                "err": {},
                "isRoot": false,
                "uuid": "56edadd7-3139-4dd5-8f9e-d8870a610f8b",
                "parentUUID": "b9a2f392-f4c0-4eb0-a49f-ffec465b3d5c",
                "isHook": false,
                "skipped": false
              },
              {
                "title": "输入用户名",
                "fullTitle": "cnode注册登录测试 用例2：两次密码不一致 输入用户名",
                "timedOut": false,
                "duration": 134,
                "state": "passed",
                "speed": "slow",
                "pass": true,
                "fail": false,
                "pending": false,
                "code": "async function (){\n            await driver.findElement(By.id('loginname')).sendKeys('nihao1')",
                "err": {},
                "isRoot": false,
                "uuid": "b16cb396-3053-4678-89cd-fe1da39f9dea",
                "parentUUID": "b9a2f392-f4c0-4eb0-a49f-ffec465b3d5c",
                "isHook": false,
                "skipped": false
              },
              {
                "title": "输入密码",
                "fullTitle": "cnode注册登录测试 用例2：两次密码不一致 输入密码",
                "timedOut": false,
                "duration": 123,
                "state": "passed",
                "speed": "slow",
                "pass": true,
                "fail": false,
                "pending": false,
                "code": "async function (){\n            await driver.findElement(By.id('pass')).sendKeys('123456')",
                "err": {},
                "isRoot": false,
                "uuid": "ca76a86d-28d4-437a-a4e0-c5abe2d3e866",
                "parentUUID": "b9a2f392-f4c0-4eb0-a49f-ffec465b3d5c",
                "isHook": false,
                "skipped": false
              },
              {
                "title": "确认密码",
                "fullTitle": "cnode注册登录测试 用例2：两次密码不一致 确认密码",
                "timedOut": false,
                "duration": 117,
                "state": "passed",
                "speed": "slow",
                "pass": true,
                "fail": false,
                "pending": false,
                "code": "async function (){\n            await driver.findElement(By.id('re_pass')).sendKeys('12345')",
                "err": {},
                "isRoot": false,
                "uuid": "7fe5a62c-fc3a-4168-8203-968bccba36bd",
                "parentUUID": "b9a2f392-f4c0-4eb0-a49f-ffec465b3d5c",
                "isHook": false,
                "skipped": false
              },
              {
                "title": "输入注册邮箱",
                "fullTitle": "cnode注册登录测试 用例2：两次密码不一致 输入注册邮箱",
                "timedOut": false,
                "duration": 194,
                "state": "passed",
                "speed": "slow",
                "pass": true,
                "fail": false,
                "pending": false,
                "code": "async function (){\n            await driver.findElement(By.id('email')).sendKeys('327821859@qq.com')",
                "err": {},
                "isRoot": false,
                "uuid": "2b73d0e4-4f6f-4c5a-b569-b846d10d2068",
                "parentUUID": "b9a2f392-f4c0-4eb0-a49f-ffec465b3d5c",
                "isHook": false,
                "skipped": false
              },
              {
                "title": "点击注册按钮",
                "fullTitle": "cnode注册登录测试 用例2：两次密码不一致 点击注册按钮",
                "timedOut": false,
                "duration": 468,
                "state": "passed",
                "speed": "slow",
                "pass": true,
                "fail": false,
                "pending": false,
                "code": "async function (){\n            await driver.findElement(By.className('span-primary')).click()",
                "err": {},
                "isRoot": false,
                "uuid": "12c4c3c6-7583-4fbe-bd7b-85b21462af58",
                "parentUUID": "b9a2f392-f4c0-4eb0-a49f-ffec465b3d5c",
                "isHook": false,
                "skipped": false
              }
            ],
            "pending": [],
            "root": false,
            "_timeout": 60000,
            "file": "\\zhuce.js",
            "uuid": "b9a2f392-f4c0-4eb0-a49f-ffec465b3d5c",
            "beforeHooks": [],
            "afterHooks": [],
            "fullFile": "D:\\Auto-test\\testcode\\Mocha-cnode\\zhuce.js",
            "passes": [
              {
                "title": "打开注册界面",
                "fullTitle": "cnode注册登录测试 用例2：两次密码不一致 打开注册界面",
                "timedOut": false,
                "duration": 267,
                "state": "passed",
                "speed": "slow",
                "pass": true,
                "fail": false,
                "pending": false,
                "code": "async function (){\n            await driver.get('http://192.168.21.128:3000/signup')",
                "err": {},
                "isRoot": false,
                "uuid": "56edadd7-3139-4dd5-8f9e-d8870a610f8b",
                "parentUUID": "b9a2f392-f4c0-4eb0-a49f-ffec465b3d5c",
                "isHook": false,
                "skipped": false
              },
              {
                "title": "输入用户名",
                "fullTitle": "cnode注册登录测试 用例2：两次密码不一致 输入用户名",
                "timedOut": false,
                "duration": 134,
                "state": "passed",
                "speed": "slow",
                "pass": true,
                "fail": false,
                "pending": false,
                "code": "async function (){\n            await driver.findElement(By.id('loginname')).sendKeys('nihao1')",
                "err": {},
                "isRoot": false,
                "uuid": "b16cb396-3053-4678-89cd-fe1da39f9dea",
                "parentUUID": "b9a2f392-f4c0-4eb0-a49f-ffec465b3d5c",
                "isHook": false,
                "skipped": false
              },
              {
                "title": "输入密码",
                "fullTitle": "cnode注册登录测试 用例2：两次密码不一致 输入密码",
                "timedOut": false,
                "duration": 123,
                "state": "passed",
                "speed": "slow",
                "pass": true,
                "fail": false,
                "pending": false,
                "code": "async function (){\n            await driver.findElement(By.id('pass')).sendKeys('123456')",
                "err": {},
                "isRoot": false,
                "uuid": "ca76a86d-28d4-437a-a4e0-c5abe2d3e866",
                "parentUUID": "b9a2f392-f4c0-4eb0-a49f-ffec465b3d5c",
                "isHook": false,
                "skipped": false
              },
              {
                "title": "确认密码",
                "fullTitle": "cnode注册登录测试 用例2：两次密码不一致 确认密码",
                "timedOut": false,
                "duration": 117,
                "state": "passed",
                "speed": "slow",
                "pass": true,
                "fail": false,
                "pending": false,
                "code": "async function (){\n            await driver.findElement(By.id('re_pass')).sendKeys('12345')",
                "err": {},
                "isRoot": false,
                "uuid": "7fe5a62c-fc3a-4168-8203-968bccba36bd",
                "parentUUID": "b9a2f392-f4c0-4eb0-a49f-ffec465b3d5c",
                "isHook": false,
                "skipped": false
              },
              {
                "title": "输入注册邮箱",
                "fullTitle": "cnode注册登录测试 用例2：两次密码不一致 输入注册邮箱",
                "timedOut": false,
                "duration": 194,
                "state": "passed",
                "speed": "slow",
                "pass": true,
                "fail": false,
                "pending": false,
                "code": "async function (){\n            await driver.findElement(By.id('email')).sendKeys('327821859@qq.com')",
                "err": {},
                "isRoot": false,
                "uuid": "2b73d0e4-4f6f-4c5a-b569-b846d10d2068",
                "parentUUID": "b9a2f392-f4c0-4eb0-a49f-ffec465b3d5c",
                "isHook": false,
                "skipped": false
              },
              {
                "title": "点击注册按钮",
                "fullTitle": "cnode注册登录测试 用例2：两次密码不一致 点击注册按钮",
                "timedOut": false,
                "duration": 468,
                "state": "passed",
                "speed": "slow",
                "pass": true,
                "fail": false,
                "pending": false,
                "code": "async function (){\n            await driver.findElement(By.className('span-primary')).click()",
                "err": {},
                "isRoot": false,
                "uuid": "12c4c3c6-7583-4fbe-bd7b-85b21462af58",
                "parentUUID": "b9a2f392-f4c0-4eb0-a49f-ffec465b3d5c",
                "isHook": false,
                "skipped": false
              }
            ],
            "failures": [],
            "skipped": [],
            "hasBeforeHooks": false,
            "hasAfterHooks": false,
            "hasTests": true,
            "hasSuites": false,
            "totalTests": 6,
            "totalPasses": 6,
            "totalFailures": 0,
            "totalPending": 0,
            "totalSkipped": 0,
            "hasPasses": true,
            "hasFailures": false,
            "hasPending": false,
            "hasSkipped": false,
            "duration": 1303,
            "rootEmpty": false
          },
          {
            "title": "用例3：用户名为空注册",
            "suites": [],
            "tests": [
              {
                "title": "打开注册界面",
                "fullTitle": "cnode注册登录测试 用例3：用户名为空注册 打开注册界面",
                "timedOut": false,
                "duration": 274,
                "state": "passed",
                "speed": "slow",
                "pass": true,
                "fail": false,
                "pending": false,
                "code": "async function (){\n            await driver.get('http://192.168.21.128:3000/signup')",
                "err": {},
                "isRoot": false,
                "uuid": "4585037d-f152-40cf-93f5-db80863cd3d3",
                "parentUUID": "f92780d0-e710-4859-9173-fc392955e127",
                "isHook": false,
                "skipped": false
              },
              {
                "title": "输入密码",
                "fullTitle": "cnode注册登录测试 用例3：用户名为空注册 输入密码",
                "timedOut": false,
                "duration": 121,
                "state": "passed",
                "speed": "slow",
                "pass": true,
                "fail": false,
                "pending": false,
                "code": "async function (){\n            await driver.findElement(By.id('pass')).sendKeys('123456')",
                "err": {},
                "isRoot": false,
                "uuid": "30bd2a28-836e-43b9-bb06-81bcda7311b3",
                "parentUUID": "f92780d0-e710-4859-9173-fc392955e127",
                "isHook": false,
                "skipped": false
              },
              {
                "title": "确认密码",
                "fullTitle": "cnode注册登录测试 用例3：用户名为空注册 确认密码",
                "timedOut": false,
                "duration": 106,
                "state": "passed",
                "speed": "slow",
                "pass": true,
                "fail": false,
                "pending": false,
                "code": "async function (){\n            await driver.findElement(By.id('re_pass')).sendKeys('123456')",
                "err": {},
                "isRoot": false,
                "uuid": "df592f7b-5217-4466-8452-555c59b8759e",
                "parentUUID": "f92780d0-e710-4859-9173-fc392955e127",
                "isHook": false,
                "skipped": false
              },
              {
                "title": "输入注册邮箱",
                "fullTitle": "cnode注册登录测试 用例3：用户名为空注册 输入注册邮箱",
                "timedOut": false,
                "duration": 178,
                "state": "passed",
                "speed": "slow",
                "pass": true,
                "fail": false,
                "pending": false,
                "code": "async function (){\n            await driver.findElement(By.id('email')).sendKeys('327821859@qq.com')",
                "err": {},
                "isRoot": false,
                "uuid": "e99cf161-12d3-433d-a4b5-ad9a4bfe96a7",
                "parentUUID": "f92780d0-e710-4859-9173-fc392955e127",
                "isHook": false,
                "skipped": false
              },
              {
                "title": "点击注册按钮",
                "fullTitle": "cnode注册登录测试 用例3：用户名为空注册 点击注册按钮",
                "timedOut": false,
                "duration": 487,
                "state": "passed",
                "speed": "slow",
                "pass": true,
                "fail": false,
                "pending": false,
                "code": "async function (){\n            await driver.findElement(By.className('span-primary')).click()",
                "err": {},
                "isRoot": false,
                "uuid": "d4839a5e-fece-4b0b-ab55-2ea1b932a5e4",
                "parentUUID": "f92780d0-e710-4859-9173-fc392955e127",
                "isHook": false,
                "skipped": false
              }
            ],
            "pending": [],
            "root": false,
            "_timeout": 60000,
            "file": "\\zhuce.js",
            "uuid": "f92780d0-e710-4859-9173-fc392955e127",
            "beforeHooks": [],
            "afterHooks": [],
            "fullFile": "D:\\Auto-test\\testcode\\Mocha-cnode\\zhuce.js",
            "passes": [
              {
                "title": "打开注册界面",
                "fullTitle": "cnode注册登录测试 用例3：用户名为空注册 打开注册界面",
                "timedOut": false,
                "duration": 274,
                "state": "passed",
                "speed": "slow",
                "pass": true,
                "fail": false,
                "pending": false,
                "code": "async function (){\n            await driver.get('http://192.168.21.128:3000/signup')",
                "err": {},
                "isRoot": false,
                "uuid": "4585037d-f152-40cf-93f5-db80863cd3d3",
                "parentUUID": "f92780d0-e710-4859-9173-fc392955e127",
                "isHook": false,
                "skipped": false
              },
              {
                "title": "输入密码",
                "fullTitle": "cnode注册登录测试 用例3：用户名为空注册 输入密码",
                "timedOut": false,
                "duration": 121,
                "state": "passed",
                "speed": "slow",
                "pass": true,
                "fail": false,
                "pending": false,
                "code": "async function (){\n            await driver.findElement(By.id('pass')).sendKeys('123456')",
                "err": {},
                "isRoot": false,
                "uuid": "30bd2a28-836e-43b9-bb06-81bcda7311b3",
                "parentUUID": "f92780d0-e710-4859-9173-fc392955e127",
                "isHook": false,
                "skipped": false
              },
              {
                "title": "确认密码",
                "fullTitle": "cnode注册登录测试 用例3：用户名为空注册 确认密码",
                "timedOut": false,
                "duration": 106,
                "state": "passed",
                "speed": "slow",
                "pass": true,
                "fail": false,
                "pending": false,
                "code": "async function (){\n            await driver.findElement(By.id('re_pass')).sendKeys('123456')",
                "err": {},
                "isRoot": false,
                "uuid": "df592f7b-5217-4466-8452-555c59b8759e",
                "parentUUID": "f92780d0-e710-4859-9173-fc392955e127",
                "isHook": false,
                "skipped": false
              },
              {
                "title": "输入注册邮箱",
                "fullTitle": "cnode注册登录测试 用例3：用户名为空注册 输入注册邮箱",
                "timedOut": false,
                "duration": 178,
                "state": "passed",
                "speed": "slow",
                "pass": true,
                "fail": false,
                "pending": false,
                "code": "async function (){\n            await driver.findElement(By.id('email')).sendKeys('327821859@qq.com')",
                "err": {},
                "isRoot": false,
                "uuid": "e99cf161-12d3-433d-a4b5-ad9a4bfe96a7",
                "parentUUID": "f92780d0-e710-4859-9173-fc392955e127",
                "isHook": false,
                "skipped": false
              },
              {
                "title": "点击注册按钮",
                "fullTitle": "cnode注册登录测试 用例3：用户名为空注册 点击注册按钮",
                "timedOut": false,
                "duration": 487,
                "state": "passed",
                "speed": "slow",
                "pass": true,
                "fail": false,
                "pending": false,
                "code": "async function (){\n            await driver.findElement(By.className('span-primary')).click()",
                "err": {},
                "isRoot": false,
                "uuid": "d4839a5e-fece-4b0b-ab55-2ea1b932a5e4",
                "parentUUID": "f92780d0-e710-4859-9173-fc392955e127",
                "isHook": false,
                "skipped": false
              }
            ],
            "failures": [],
            "skipped": [],
            "hasBeforeHooks": false,
            "hasAfterHooks": false,
            "hasTests": true,
            "hasSuites": false,
            "totalTests": 5,
            "totalPasses": 5,
            "totalFailures": 0,
            "totalPending": 0,
            "totalSkipped": 0,
            "hasPasses": true,
            "hasFailures": false,
            "hasPending": false,
            "hasSkipped": false,
            "duration": 1166,
            "rootEmpty": false
          },
          {
            "title": "用例4：用户名含有特殊字符",
            "suites": [],
            "tests": [
              {
                "title": "打开注册界面",
                "fullTitle": "cnode注册登录测试 用例4：用户名含有特殊字符 打开注册界面",
                "timedOut": false,
                "duration": 347,
                "state": "passed",
                "speed": "slow",
                "pass": true,
                "fail": false,
                "pending": false,
                "code": "async function (){\n            await driver.get('http://192.168.21.128:3000/signup')",
                "err": {},
                "isRoot": false,
                "uuid": "28f01c91-328e-4a44-a61e-c42a6a3ded82",
                "parentUUID": "90bf913e-58f4-4e6a-8fb6-e44000dc7ee0",
                "isHook": false,
                "skipped": false
              },
              {
                "title": "输入用户名",
                "fullTitle": "cnode注册登录测试 用例4：用户名含有特殊字符 输入用户名",
                "timedOut": false,
                "duration": 148,
                "state": "passed",
                "speed": "slow",
                "pass": true,
                "fail": false,
                "pending": false,
                "code": "async function (){\n            await driver.findElement(By.id('loginname')).sendKeys('nihao~！@')",
                "err": {},
                "isRoot": false,
                "uuid": "4394929d-5707-41b7-a1e7-538bc58e7792",
                "parentUUID": "90bf913e-58f4-4e6a-8fb6-e44000dc7ee0",
                "isHook": false,
                "skipped": false
              },
              {
                "title": "输入密码",
                "fullTitle": "cnode注册登录测试 用例4：用户名含有特殊字符 输入密码",
                "timedOut": false,
                "duration": 173,
                "state": "passed",
                "speed": "slow",
                "pass": true,
                "fail": false,
                "pending": false,
                "code": "async function (){\n            await driver.findElement(By.id('pass')).sendKeys('123456')",
                "err": {},
                "isRoot": false,
                "uuid": "5571711d-d5f0-409e-a77b-b2dc82e77442",
                "parentUUID": "90bf913e-58f4-4e6a-8fb6-e44000dc7ee0",
                "isHook": false,
                "skipped": false
              },
              {
                "title": "确认密码",
                "fullTitle": "cnode注册登录测试 用例4：用户名含有特殊字符 确认密码",
                "timedOut": false,
                "duration": 215,
                "state": "passed",
                "speed": "slow",
                "pass": true,
                "fail": false,
                "pending": false,
                "code": "async function (){\n            await driver.findElement(By.id('re_pass')).sendKeys('123456')",
                "err": {},
                "isRoot": false,
                "uuid": "04c80f75-638b-479b-b71e-3a6ca0b73409",
                "parentUUID": "90bf913e-58f4-4e6a-8fb6-e44000dc7ee0",
                "isHook": false,
                "skipped": false
              },
              {
                "title": "输入注册邮箱",
                "fullTitle": "cnode注册登录测试 用例4：用户名含有特殊字符 输入注册邮箱",
                "timedOut": false,
                "duration": 173,
                "state": "passed",
                "speed": "slow",
                "pass": true,
                "fail": false,
                "pending": false,
                "code": "async function (){\n            await driver.findElement(By.id('email')).sendKeys('327821859@qq.com')",
                "err": {},
                "isRoot": false,
                "uuid": "bb33fb5d-da79-4785-8361-95c9c53bfd65",
                "parentUUID": "90bf913e-58f4-4e6a-8fb6-e44000dc7ee0",
                "isHook": false,
                "skipped": false
              },
              {
                "title": "点击注册按钮",
                "fullTitle": "cnode注册登录测试 用例4：用户名含有特殊字符 点击注册按钮",
                "timedOut": false,
                "duration": 343,
                "state": "passed",
                "speed": "slow",
                "pass": true,
                "fail": false,
                "pending": false,
                "code": "async function (){\n            await driver.findElement(By.className('span-primary')).click()",
                "err": {},
                "isRoot": false,
                "uuid": "110e6a21-8da4-4901-97a8-da06660190cb",
                "parentUUID": "90bf913e-58f4-4e6a-8fb6-e44000dc7ee0",
                "isHook": false,
                "skipped": false
              }
            ],
            "pending": [],
            "root": false,
            "_timeout": 60000,
            "file": "\\zhuce.js",
            "uuid": "90bf913e-58f4-4e6a-8fb6-e44000dc7ee0",
            "beforeHooks": [],
            "afterHooks": [],
            "fullFile": "D:\\Auto-test\\testcode\\Mocha-cnode\\zhuce.js",
            "passes": [
              {
                "title": "打开注册界面",
                "fullTitle": "cnode注册登录测试 用例4：用户名含有特殊字符 打开注册界面",
                "timedOut": false,
                "duration": 347,
                "state": "passed",
                "speed": "slow",
                "pass": true,
                "fail": false,
                "pending": false,
                "code": "async function (){\n            await driver.get('http://192.168.21.128:3000/signup')",
                "err": {},
                "isRoot": false,
                "uuid": "28f01c91-328e-4a44-a61e-c42a6a3ded82",
                "parentUUID": "90bf913e-58f4-4e6a-8fb6-e44000dc7ee0",
                "isHook": false,
                "skipped": false
              },
              {
                "title": "输入用户名",
                "fullTitle": "cnode注册登录测试 用例4：用户名含有特殊字符 输入用户名",
                "timedOut": false,
                "duration": 148,
                "state": "passed",
                "speed": "slow",
                "pass": true,
                "fail": false,
                "pending": false,
                "code": "async function (){\n            await driver.findElement(By.id('loginname')).sendKeys('nihao~！@')",
                "err": {},
                "isRoot": false,
                "uuid": "4394929d-5707-41b7-a1e7-538bc58e7792",
                "parentUUID": "90bf913e-58f4-4e6a-8fb6-e44000dc7ee0",
                "isHook": false,
                "skipped": false
              },
              {
                "title": "输入密码",
                "fullTitle": "cnode注册登录测试 用例4：用户名含有特殊字符 输入密码",
                "timedOut": false,
                "duration": 173,
                "state": "passed",
                "speed": "slow",
                "pass": true,
                "fail": false,
                "pending": false,
                "code": "async function (){\n            await driver.findElement(By.id('pass')).sendKeys('123456')",
                "err": {},
                "isRoot": false,
                "uuid": "5571711d-d5f0-409e-a77b-b2dc82e77442",
                "parentUUID": "90bf913e-58f4-4e6a-8fb6-e44000dc7ee0",
                "isHook": false,
                "skipped": false
              },
              {
                "title": "确认密码",
                "fullTitle": "cnode注册登录测试 用例4：用户名含有特殊字符 确认密码",
                "timedOut": false,
                "duration": 215,
                "state": "passed",
                "speed": "slow",
                "pass": true,
                "fail": false,
                "pending": false,
                "code": "async function (){\n            await driver.findElement(By.id('re_pass')).sendKeys('123456')",
                "err": {},
                "isRoot": false,
                "uuid": "04c80f75-638b-479b-b71e-3a6ca0b73409",
                "parentUUID": "90bf913e-58f4-4e6a-8fb6-e44000dc7ee0",
                "isHook": false,
                "skipped": false
              },
              {
                "title": "输入注册邮箱",
                "fullTitle": "cnode注册登录测试 用例4：用户名含有特殊字符 输入注册邮箱",
                "timedOut": false,
                "duration": 173,
                "state": "passed",
                "speed": "slow",
                "pass": true,
                "fail": false,
                "pending": false,
                "code": "async function (){\n            await driver.findElement(By.id('email')).sendKeys('327821859@qq.com')",
                "err": {},
                "isRoot": false,
                "uuid": "bb33fb5d-da79-4785-8361-95c9c53bfd65",
                "parentUUID": "90bf913e-58f4-4e6a-8fb6-e44000dc7ee0",
                "isHook": false,
                "skipped": false
              },
              {
                "title": "点击注册按钮",
                "fullTitle": "cnode注册登录测试 用例4：用户名含有特殊字符 点击注册按钮",
                "timedOut": false,
                "duration": 343,
                "state": "passed",
                "speed": "slow",
                "pass": true,
                "fail": false,
                "pending": false,
                "code": "async function (){\n            await driver.findElement(By.className('span-primary')).click()",
                "err": {},
                "isRoot": false,
                "uuid": "110e6a21-8da4-4901-97a8-da06660190cb",
                "parentUUID": "90bf913e-58f4-4e6a-8fb6-e44000dc7ee0",
                "isHook": false,
                "skipped": false
              }
            ],
            "failures": [],
            "skipped": [],
            "hasBeforeHooks": false,
            "hasAfterHooks": false,
            "hasTests": true,
            "hasSuites": false,
            "totalTests": 6,
            "totalPasses": 6,
            "totalFailures": 0,
            "totalPending": 0,
            "totalSkipped": 0,
            "hasPasses": true,
            "hasFailures": false,
            "hasPending": false,
            "hasSkipped": false,
            "duration": 1399,
            "rootEmpty": false
          },
          {
            "title": "用例5：密码为空",
            "suites": [],
            "tests": [
              {
                "title": "打开注册界面",
                "fullTitle": "cnode注册登录测试 用例5：密码为空 打开注册界面",
                "timedOut": false,
                "duration": 203,
                "state": "passed",
                "speed": "slow",
                "pass": true,
                "fail": false,
                "pending": false,
                "code": "async function (){\n            await driver.get('http://192.168.21.128:3000/signup')",
                "err": {},
                "isRoot": false,
                "uuid": "822a5588-f1ea-44b4-a949-c9dbe041c0d2",
                "parentUUID": "06c1e6f9-9ce7-4327-be97-4a2ca180907e",
                "isHook": false,
                "skipped": false
              },
              {
                "title": "输入用户名",
                "fullTitle": "cnode注册登录测试 用例5：密码为空 输入用户名",
                "timedOut": false,
                "duration": 115,
                "state": "passed",
                "speed": "slow",
                "pass": true,
                "fail": false,
                "pending": false,
                "code": "async function (){\n            await driver.findElement(By.id('loginname')).sendKeys('nihao2')",
                "err": {},
                "isRoot": false,
                "uuid": "52c7000a-ca30-47fd-8297-6f41f90aa580",
                "parentUUID": "06c1e6f9-9ce7-4327-be97-4a2ca180907e",
                "isHook": false,
                "skipped": false
              },
              {
                "title": "确认密码",
                "fullTitle": "cnode注册登录测试 用例5：密码为空 确认密码",
                "timedOut": false,
                "duration": 103,
                "state": "passed",
                "speed": "slow",
                "pass": true,
                "fail": false,
                "pending": false,
                "code": "async function (){\n            await driver.findElement(By.id('re_pass')).sendKeys('123456')",
                "err": {},
                "isRoot": false,
                "uuid": "7259d69e-1ea7-4d79-805f-2423ef442bf2",
                "parentUUID": "06c1e6f9-9ce7-4327-be97-4a2ca180907e",
                "isHook": false,
                "skipped": false
              },
              {
                "title": "输入注册邮箱",
                "fullTitle": "cnode注册登录测试 用例5：密码为空 输入注册邮箱",
                "timedOut": false,
                "duration": 190,
                "state": "passed",
                "speed": "slow",
                "pass": true,
                "fail": false,
                "pending": false,
                "code": "async function (){\n            await driver.findElement(By.id('email')).sendKeys('327821859@qq.com')",
                "err": {},
                "isRoot": false,
                "uuid": "b2e3c72d-8fc5-434e-a6e5-6359ae7462c8",
                "parentUUID": "06c1e6f9-9ce7-4327-be97-4a2ca180907e",
                "isHook": false,
                "skipped": false
              },
              {
                "title": "点击注册按钮",
                "fullTitle": "cnode注册登录测试 用例5：密码为空 点击注册按钮",
                "timedOut": false,
                "duration": 367,
                "state": "passed",
                "speed": "slow",
                "pass": true,
                "fail": false,
                "pending": false,
                "code": "async function (){\n            await driver.findElement(By.className('span-primary')).click()",
                "err": {},
                "isRoot": false,
                "uuid": "7f3f7ea4-3a20-4c8e-a2b1-acdf657dce35",
                "parentUUID": "06c1e6f9-9ce7-4327-be97-4a2ca180907e",
                "isHook": false,
                "skipped": false
              }
            ],
            "pending": [],
            "root": false,
            "_timeout": 60000,
            "file": "\\zhuce.js",
            "uuid": "06c1e6f9-9ce7-4327-be97-4a2ca180907e",
            "beforeHooks": [],
            "afterHooks": [],
            "fullFile": "D:\\Auto-test\\testcode\\Mocha-cnode\\zhuce.js",
            "passes": [
              {
                "title": "打开注册界面",
                "fullTitle": "cnode注册登录测试 用例5：密码为空 打开注册界面",
                "timedOut": false,
                "duration": 203,
                "state": "passed",
                "speed": "slow",
                "pass": true,
                "fail": false,
                "pending": false,
                "code": "async function (){\n            await driver.get('http://192.168.21.128:3000/signup')",
                "err": {},
                "isRoot": false,
                "uuid": "822a5588-f1ea-44b4-a949-c9dbe041c0d2",
                "parentUUID": "06c1e6f9-9ce7-4327-be97-4a2ca180907e",
                "isHook": false,
                "skipped": false
              },
              {
                "title": "输入用户名",
                "fullTitle": "cnode注册登录测试 用例5：密码为空 输入用户名",
                "timedOut": false,
                "duration": 115,
                "state": "passed",
                "speed": "slow",
                "pass": true,
                "fail": false,
                "pending": false,
                "code": "async function (){\n            await driver.findElement(By.id('loginname')).sendKeys('nihao2')",
                "err": {},
                "isRoot": false,
                "uuid": "52c7000a-ca30-47fd-8297-6f41f90aa580",
                "parentUUID": "06c1e6f9-9ce7-4327-be97-4a2ca180907e",
                "isHook": false,
                "skipped": false
              },
              {
                "title": "确认密码",
                "fullTitle": "cnode注册登录测试 用例5：密码为空 确认密码",
                "timedOut": false,
                "duration": 103,
                "state": "passed",
                "speed": "slow",
                "pass": true,
                "fail": false,
                "pending": false,
                "code": "async function (){\n            await driver.findElement(By.id('re_pass')).sendKeys('123456')",
                "err": {},
                "isRoot": false,
                "uuid": "7259d69e-1ea7-4d79-805f-2423ef442bf2",
                "parentUUID": "06c1e6f9-9ce7-4327-be97-4a2ca180907e",
                "isHook": false,
                "skipped": false
              },
              {
                "title": "输入注册邮箱",
                "fullTitle": "cnode注册登录测试 用例5：密码为空 输入注册邮箱",
                "timedOut": false,
                "duration": 190,
                "state": "passed",
                "speed": "slow",
                "pass": true,
                "fail": false,
                "pending": false,
                "code": "async function (){\n            await driver.findElement(By.id('email')).sendKeys('327821859@qq.com')",
                "err": {},
                "isRoot": false,
                "uuid": "b2e3c72d-8fc5-434e-a6e5-6359ae7462c8",
                "parentUUID": "06c1e6f9-9ce7-4327-be97-4a2ca180907e",
                "isHook": false,
                "skipped": false
              },
              {
                "title": "点击注册按钮",
                "fullTitle": "cnode注册登录测试 用例5：密码为空 点击注册按钮",
                "timedOut": false,
                "duration": 367,
                "state": "passed",
                "speed": "slow",
                "pass": true,
                "fail": false,
                "pending": false,
                "code": "async function (){\n            await driver.findElement(By.className('span-primary')).click()",
                "err": {},
                "isRoot": false,
                "uuid": "7f3f7ea4-3a20-4c8e-a2b1-acdf657dce35",
                "parentUUID": "06c1e6f9-9ce7-4327-be97-4a2ca180907e",
                "isHook": false,
                "skipped": false
              }
            ],
            "failures": [],
            "skipped": [],
            "hasBeforeHooks": false,
            "hasAfterHooks": false,
            "hasTests": true,
            "hasSuites": false,
            "totalTests": 5,
            "totalPasses": 5,
            "totalFailures": 0,
            "totalPending": 0,
            "totalSkipped": 0,
            "hasPasses": true,
            "hasFailures": false,
            "hasPending": false,
            "hasSkipped": false,
            "duration": 978,
            "rootEmpty": false
          },
          {
            "title": "用例5：密码不足6位",
            "suites": [],
            "tests": [
              {
                "title": "打开注册界面",
                "fullTitle": "cnode注册登录测试 用例5：密码不足6位 打开注册界面",
                "timedOut": false,
                "duration": 222,
                "state": "passed",
                "speed": "slow",
                "pass": true,
                "fail": false,
                "pending": false,
                "code": "async function (){\n            await driver.get('http://192.168.21.128:3000/signup')",
                "err": {},
                "isRoot": false,
                "uuid": "e4b3297d-1885-403e-a027-025ef72495a3",
                "parentUUID": "6e9164db-bf07-4a34-b53b-edf1c069e3c1",
                "isHook": false,
                "skipped": false
              },
              {
                "title": "输入用户名",
                "fullTitle": "cnode注册登录测试 用例5：密码不足6位 输入用户名",
                "timedOut": false,
                "duration": 132,
                "state": "passed",
                "speed": "slow",
                "pass": true,
                "fail": false,
                "pending": false,
                "code": "async function (){\n            await driver.findElement(By.id('loginname')).sendKeys('nihao3')",
                "err": {},
                "isRoot": false,
                "uuid": "a26d1b5a-4f1d-44f7-96c0-1f081f2d01e2",
                "parentUUID": "6e9164db-bf07-4a34-b53b-edf1c069e3c1",
                "isHook": false,
                "skipped": false
              },
              {
                "title": "输入密码",
                "fullTitle": "cnode注册登录测试 用例5：密码不足6位 输入密码",
                "timedOut": false,
                "duration": 104,
                "state": "passed",
                "speed": "slow",
                "pass": true,
                "fail": false,
                "pending": false,
                "code": "async function (){\n            await driver.findElement(By.id('pass')).sendKeys('1234')",
                "err": {},
                "isRoot": false,
                "uuid": "9844e974-397a-4de1-9ee2-eb22c78a4778",
                "parentUUID": "6e9164db-bf07-4a34-b53b-edf1c069e3c1",
                "isHook": false,
                "skipped": false
              },
              {
                "title": "确认密码",
                "fullTitle": "cnode注册登录测试 用例5：密码不足6位 确认密码",
                "timedOut": false,
                "duration": 97,
                "state": "passed",
                "speed": "slow",
                "pass": true,
                "fail": false,
                "pending": false,
                "code": "async function (){\n            await driver.findElement(By.id('re_pass')).sendKeys('1234')",
                "err": {},
                "isRoot": false,
                "uuid": "0ce05825-8435-4c5f-ac59-b0a760b4ab7c",
                "parentUUID": "6e9164db-bf07-4a34-b53b-edf1c069e3c1",
                "isHook": false,
                "skipped": false
              },
              {
                "title": "输入注册邮箱",
                "fullTitle": "cnode注册登录测试 用例5：密码不足6位 输入注册邮箱",
                "timedOut": false,
                "duration": 160,
                "state": "passed",
                "speed": "slow",
                "pass": true,
                "fail": false,
                "pending": false,
                "code": "async function (){\n            await driver.findElement(By.id('email')).sendKeys('327821859@qq.com')",
                "err": {},
                "isRoot": false,
                "uuid": "f67300a3-28ac-4a4e-a394-0f9e82ca8ffe",
                "parentUUID": "6e9164db-bf07-4a34-b53b-edf1c069e3c1",
                "isHook": false,
                "skipped": false
              },
              {
                "title": "点击注册按钮",
                "fullTitle": "cnode注册登录测试 用例5：密码不足6位 点击注册按钮",
                "timedOut": false,
                "duration": 349,
                "state": "passed",
                "speed": "slow",
                "pass": true,
                "fail": false,
                "pending": false,
                "code": "async function (){\n            await driver.findElement(By.className('span-primary')).click()",
                "err": {},
                "isRoot": false,
                "uuid": "08749745-e8a0-4499-aefe-f1b22ba3a567",
                "parentUUID": "6e9164db-bf07-4a34-b53b-edf1c069e3c1",
                "isHook": false,
                "skipped": false
              }
            ],
            "pending": [],
            "root": false,
            "_timeout": 60000,
            "file": "\\zhuce.js",
            "uuid": "6e9164db-bf07-4a34-b53b-edf1c069e3c1",
            "beforeHooks": [],
            "afterHooks": [],
            "fullFile": "D:\\Auto-test\\testcode\\Mocha-cnode\\zhuce.js",
            "passes": [
              {
                "title": "打开注册界面",
                "fullTitle": "cnode注册登录测试 用例5：密码不足6位 打开注册界面",
                "timedOut": false,
                "duration": 222,
                "state": "passed",
                "speed": "slow",
                "pass": true,
                "fail": false,
                "pending": false,
                "code": "async function (){\n            await driver.get('http://192.168.21.128:3000/signup')",
                "err": {},
                "isRoot": false,
                "uuid": "e4b3297d-1885-403e-a027-025ef72495a3",
                "parentUUID": "6e9164db-bf07-4a34-b53b-edf1c069e3c1",
                "isHook": false,
                "skipped": false
              },
              {
                "title": "输入用户名",
                "fullTitle": "cnode注册登录测试 用例5：密码不足6位 输入用户名",
                "timedOut": false,
                "duration": 132,
                "state": "passed",
                "speed": "slow",
                "pass": true,
                "fail": false,
                "pending": false,
                "code": "async function (){\n            await driver.findElement(By.id('loginname')).sendKeys('nihao3')",
                "err": {},
                "isRoot": false,
                "uuid": "a26d1b5a-4f1d-44f7-96c0-1f081f2d01e2",
                "parentUUID": "6e9164db-bf07-4a34-b53b-edf1c069e3c1",
                "isHook": false,
                "skipped": false
              },
              {
                "title": "输入密码",
                "fullTitle": "cnode注册登录测试 用例5：密码不足6位 输入密码",
                "timedOut": false,
                "duration": 104,
                "state": "passed",
                "speed": "slow",
                "pass": true,
                "fail": false,
                "pending": false,
                "code": "async function (){\n            await driver.findElement(By.id('pass')).sendKeys('1234')",
                "err": {},
                "isRoot": false,
                "uuid": "9844e974-397a-4de1-9ee2-eb22c78a4778",
                "parentUUID": "6e9164db-bf07-4a34-b53b-edf1c069e3c1",
                "isHook": false,
                "skipped": false
              },
              {
                "title": "确认密码",
                "fullTitle": "cnode注册登录测试 用例5：密码不足6位 确认密码",
                "timedOut": false,
                "duration": 97,
                "state": "passed",
                "speed": "slow",
                "pass": true,
                "fail": false,
                "pending": false,
                "code": "async function (){\n            await driver.findElement(By.id('re_pass')).sendKeys('1234')",
                "err": {},
                "isRoot": false,
                "uuid": "0ce05825-8435-4c5f-ac59-b0a760b4ab7c",
                "parentUUID": "6e9164db-bf07-4a34-b53b-edf1c069e3c1",
                "isHook": false,
                "skipped": false
              },
              {
                "title": "输入注册邮箱",
                "fullTitle": "cnode注册登录测试 用例5：密码不足6位 输入注册邮箱",
                "timedOut": false,
                "duration": 160,
                "state": "passed",
                "speed": "slow",
                "pass": true,
                "fail": false,
                "pending": false,
                "code": "async function (){\n            await driver.findElement(By.id('email')).sendKeys('327821859@qq.com')",
                "err": {},
                "isRoot": false,
                "uuid": "f67300a3-28ac-4a4e-a394-0f9e82ca8ffe",
                "parentUUID": "6e9164db-bf07-4a34-b53b-edf1c069e3c1",
                "isHook": false,
                "skipped": false
              },
              {
                "title": "点击注册按钮",
                "fullTitle": "cnode注册登录测试 用例5：密码不足6位 点击注册按钮",
                "timedOut": false,
                "duration": 349,
                "state": "passed",
                "speed": "slow",
                "pass": true,
                "fail": false,
                "pending": false,
                "code": "async function (){\n            await driver.findElement(By.className('span-primary')).click()",
                "err": {},
                "isRoot": false,
                "uuid": "08749745-e8a0-4499-aefe-f1b22ba3a567",
                "parentUUID": "6e9164db-bf07-4a34-b53b-edf1c069e3c1",
                "isHook": false,
                "skipped": false
              }
            ],
            "failures": [],
            "skipped": [],
            "hasBeforeHooks": false,
            "hasAfterHooks": false,
            "hasTests": true,
            "hasSuites": false,
            "totalTests": 6,
            "totalPasses": 6,
            "totalFailures": 0,
            "totalPending": 0,
            "totalSkipped": 0,
            "hasPasses": true,
            "hasFailures": false,
            "hasPending": false,
            "hasSkipped": false,
            "duration": 1064,
            "rootEmpty": false
          }
        ],
        "tests": [],
        "pending": [],
        "root": false,
        "_timeout": 60000,
        "file": "\\zhuce.js",
        "uuid": "30ecc67f-1de3-44d8-84df-347d7ce9db29",
        "beforeHooks": [],
        "afterHooks": [
          {
            "title": "\"after all\" hook",
            "fullTitle": "cnode注册登录测试 \"after all\" hook",
            "timedOut": false,
            "duration": 2,
            "pass": false,
            "fail": false,
            "pending": false,
            "code": "driver.takeScreenshot().then(function(imagedata){\n    fs.writeFileSync('jietu/'+ user + '.png',imagedata,'base64')\n});\ndriver.quit();",
            "err": {},
            "isRoot": false,
            "uuid": "b71fd6a7-f252-4b54-b80b-aab75db8c609",
            "parentUUID": "30ecc67f-1de3-44d8-84df-347d7ce9db29",
            "isHook": true,
            "skipped": false
          }
        ],
        "fullFile": "D:\\Auto-test\\testcode\\Mocha-cnode\\zhuce.js",
        "passes": [],
        "failures": [],
        "skipped": [],
        "hasBeforeHooks": false,
        "hasAfterHooks": true,
        "hasTests": false,
        "hasSuites": true,
        "totalTests": 0,
        "totalPasses": 0,
        "totalFailures": 0,
        "totalPending": 0,
        "totalSkipped": 0,
        "hasPasses": false,
        "hasFailures": false,
        "hasPending": false,
        "hasSkipped": false,
        "duration": 0,
        "rootEmpty": false
      }
    ],
    "tests": [],
    "pending": [],
    "root": true,
    "_timeout": 2000,
    "uuid": "78f1567c-da76-457d-8d3b-e944a3dbe76d",
    "beforeHooks": [],
    "afterHooks": [],
    "fullFile": "",
    "file": "",
    "passes": [],
    "failures": [],
    "skipped": [],
    "hasBeforeHooks": false,
    "hasAfterHooks": false,
    "hasTests": false,
    "hasSuites": true,
    "totalTests": 0,
    "totalPasses": 0,
    "totalFailures": 0,
    "totalPending": 0,
    "totalSkipped": 0,
    "hasPasses": false,
    "hasFailures": false,
    "hasPending": false,
    "hasSkipped": false,
    "duration": 0,
    "rootEmpty": true
  },
  "allTests": [
    {
      "title": "打开注册界面",
      "fullTitle": "用例1：正常注册 打开注册界面",
      "timedOut": false,
      "duration": 6009,
      "state": "passed",
      "speed": "slow",
      "pass": true,
      "fail": false,
      "pending": false,
      "code": "async function (){\n            await driver.get('http://192.168.21.128:3000/signup')",
      "err": {},
      "isRoot": false,
      "uuid": "65ee05c4-ffbe-4f1a-ac82-ab3f9d4dbb4c",
      "parentUUID": "86de8941-6c7b-4cc3-841e-501acda85f42",
      "isHook": false,
      "skipped": false
    },
    {
      "title": "输入用户名",
      "fullTitle": "用例1：正常注册 输入用户名",
      "timedOut": false,
      "duration": 152,
      "state": "passed",
      "speed": "slow",
      "pass": true,
      "fail": false,
      "pending": false,
      "code": "async function (){\n            await driver.findElement(By.id('loginname')).sendKeys('nihao')",
      "err": {},
      "isRoot": false,
      "uuid": "28d7875d-15eb-458e-8b64-ef0e357990bc",
      "parentUUID": "86de8941-6c7b-4cc3-841e-501acda85f42",
      "isHook": false,
      "skipped": false
    },
    {
      "title": "输入密码",
      "fullTitle": "用例1：正常注册 输入密码",
      "timedOut": false,
      "duration": 149,
      "state": "passed",
      "speed": "slow",
      "pass": true,
      "fail": false,
      "pending": false,
      "code": "async function (){\n            await driver.findElement(By.id('pass')).sendKeys('123456')",
      "err": {},
      "isRoot": false,
      "uuid": "6a50e91d-d3e1-4275-9761-25bcdf0d6b6a",
      "parentUUID": "86de8941-6c7b-4cc3-841e-501acda85f42",
      "isHook": false,
      "skipped": false
    },
    {
      "title": "确认密码",
      "fullTitle": "用例1：正常注册 确认密码",
      "timedOut": false,
      "duration": 154,
      "state": "passed",
      "speed": "slow",
      "pass": true,
      "fail": false,
      "pending": false,
      "code": "async function (){\n            await driver.findElement(By.id('re_pass')).sendKeys('123456')",
      "err": {},
      "isRoot": false,
      "uuid": "323729f7-c192-4851-a1d1-97d6a5596ed5",
      "parentUUID": "86de8941-6c7b-4cc3-841e-501acda85f42",
      "isHook": false,
      "skipped": false
    },
    {
      "title": "输入注册邮箱",
      "fullTitle": "用例1：正常注册 输入注册邮箱",
      "timedOut": false,
      "duration": 239,
      "state": "passed",
      "speed": "slow",
      "pass": true,
      "fail": false,
      "pending": false,
      "code": "async function (){\n            await driver.findElement(By.id('email')).sendKeys('327821859@qq.com')",
      "err": {},
      "isRoot": false,
      "uuid": "019d59f7-fd64-44f1-bd0d-a3035dbec766",
      "parentUUID": "86de8941-6c7b-4cc3-841e-501acda85f42",
      "isHook": false,
      "skipped": false
    },
    {
      "title": "点击注册按钮",
      "fullTitle": "用例1：正常注册 点击注册按钮",
      "timedOut": false,
      "duration": 657,
      "state": "passed",
      "speed": "slow",
      "pass": true,
      "fail": false,
      "pending": false,
      "code": "async function (){\n            await driver.findElement(By.className('span-primary')).click()",
      "err": {},
      "isRoot": false,
      "uuid": "38b6595b-79e1-4e25-931d-4c0061387932",
      "parentUUID": "86de8941-6c7b-4cc3-841e-501acda85f42",
      "isHook": false,
      "skipped": false
    },
    {
      "title": "打开注册界面",
      "fullTitle": "用例2：两次密码不一致 打开注册界面",
      "timedOut": false,
      "duration": 267,
      "state": "passed",
      "speed": "slow",
      "pass": true,
      "fail": false,
      "pending": false,
      "code": "async function (){\n            await driver.get('http://192.168.21.128:3000/signup')",
      "err": {},
      "isRoot": false,
      "uuid": "56edadd7-3139-4dd5-8f9e-d8870a610f8b",
      "parentUUID": "b9a2f392-f4c0-4eb0-a49f-ffec465b3d5c",
      "isHook": false,
      "skipped": false
    },
    {
      "title": "输入用户名",
      "fullTitle": "用例2：两次密码不一致 输入用户名",
      "timedOut": false,
      "duration": 134,
      "state": "passed",
      "speed": "slow",
      "pass": true,
      "fail": false,
      "pending": false,
      "code": "async function (){\n            await driver.findElement(By.id('loginname')).sendKeys('nihao1')",
      "err": {},
      "isRoot": false,
      "uuid": "b16cb396-3053-4678-89cd-fe1da39f9dea",
      "parentUUID": "b9a2f392-f4c0-4eb0-a49f-ffec465b3d5c",
      "isHook": false,
      "skipped": false
    },
    {
      "title": "输入密码",
      "fullTitle": "用例2：两次密码不一致 输入密码",
      "timedOut": false,
      "duration": 123,
      "state": "passed",
      "speed": "slow",
      "pass": true,
      "fail": false,
      "pending": false,
      "code": "async function (){\n            await driver.findElement(By.id('pass')).sendKeys('123456')",
      "err": {},
      "isRoot": false,
      "uuid": "ca76a86d-28d4-437a-a4e0-c5abe2d3e866",
      "parentUUID": "b9a2f392-f4c0-4eb0-a49f-ffec465b3d5c",
      "isHook": false,
      "skipped": false
    },
    {
      "title": "确认密码",
      "fullTitle": "用例2：两次密码不一致 确认密码",
      "timedOut": false,
      "duration": 117,
      "state": "passed",
      "speed": "slow",
      "pass": true,
      "fail": false,
      "pending": false,
      "code": "async function (){\n            await driver.findElement(By.id('re_pass')).sendKeys('12345')",
      "err": {},
      "isRoot": false,
      "uuid": "7fe5a62c-fc3a-4168-8203-968bccba36bd",
      "parentUUID": "b9a2f392-f4c0-4eb0-a49f-ffec465b3d5c",
      "isHook": false,
      "skipped": false
    },
    {
      "title": "输入注册邮箱",
      "fullTitle": "用例2：两次密码不一致 输入注册邮箱",
      "timedOut": false,
      "duration": 194,
      "state": "passed",
      "speed": "slow",
      "pass": true,
      "fail": false,
      "pending": false,
      "code": "async function (){\n            await driver.findElement(By.id('email')).sendKeys('327821859@qq.com')",
      "err": {},
      "isRoot": false,
      "uuid": "2b73d0e4-4f6f-4c5a-b569-b846d10d2068",
      "parentUUID": "b9a2f392-f4c0-4eb0-a49f-ffec465b3d5c",
      "isHook": false,
      "skipped": false
    },
    {
      "title": "点击注册按钮",
      "fullTitle": "用例2：两次密码不一致 点击注册按钮",
      "timedOut": false,
      "duration": 468,
      "state": "passed",
      "speed": "slow",
      "pass": true,
      "fail": false,
      "pending": false,
      "code": "async function (){\n            await driver.findElement(By.className('span-primary')).click()",
      "err": {},
      "isRoot": false,
      "uuid": "12c4c3c6-7583-4fbe-bd7b-85b21462af58",
      "parentUUID": "b9a2f392-f4c0-4eb0-a49f-ffec465b3d5c",
      "isHook": false,
      "skipped": false
    },
    {
      "title": "打开注册界面",
      "fullTitle": "用例3：用户名为空注册 打开注册界面",
      "timedOut": false,
      "duration": 274,
      "state": "passed",
      "speed": "slow",
      "pass": true,
      "fail": false,
      "pending": false,
      "code": "async function (){\n            await driver.get('http://192.168.21.128:3000/signup')",
      "err": {},
      "isRoot": false,
      "uuid": "4585037d-f152-40cf-93f5-db80863cd3d3",
      "parentUUID": "f92780d0-e710-4859-9173-fc392955e127",
      "isHook": false,
      "skipped": false
    },
    {
      "title": "输入密码",
      "fullTitle": "用例3：用户名为空注册 输入密码",
      "timedOut": false,
      "duration": 121,
      "state": "passed",
      "speed": "slow",
      "pass": true,
      "fail": false,
      "pending": false,
      "code": "async function (){\n            await driver.findElement(By.id('pass')).sendKeys('123456')",
      "err": {},
      "isRoot": false,
      "uuid": "30bd2a28-836e-43b9-bb06-81bcda7311b3",
      "parentUUID": "f92780d0-e710-4859-9173-fc392955e127",
      "isHook": false,
      "skipped": false
    },
    {
      "title": "确认密码",
      "fullTitle": "用例3：用户名为空注册 确认密码",
      "timedOut": false,
      "duration": 106,
      "state": "passed",
      "speed": "slow",
      "pass": true,
      "fail": false,
      "pending": false,
      "code": "async function (){\n            await driver.findElement(By.id('re_pass')).sendKeys('123456')",
      "err": {},
      "isRoot": false,
      "uuid": "df592f7b-5217-4466-8452-555c59b8759e",
      "parentUUID": "f92780d0-e710-4859-9173-fc392955e127",
      "isHook": false,
      "skipped": false
    },
    {
      "title": "输入注册邮箱",
      "fullTitle": "用例3：用户名为空注册 输入注册邮箱",
      "timedOut": false,
      "duration": 178,
      "state": "passed",
      "speed": "slow",
      "pass": true,
      "fail": false,
      "pending": false,
      "code": "async function (){\n            await driver.findElement(By.id('email')).sendKeys('327821859@qq.com')",
      "err": {},
      "isRoot": false,
      "uuid": "e99cf161-12d3-433d-a4b5-ad9a4bfe96a7",
      "parentUUID": "f92780d0-e710-4859-9173-fc392955e127",
      "isHook": false,
      "skipped": false
    },
    {
      "title": "点击注册按钮",
      "fullTitle": "用例3：用户名为空注册 点击注册按钮",
      "timedOut": false,
      "duration": 487,
      "state": "passed",
      "speed": "slow",
      "pass": true,
      "fail": false,
      "pending": false,
      "code": "async function (){\n            await driver.findElement(By.className('span-primary')).click()",
      "err": {},
      "isRoot": false,
      "uuid": "d4839a5e-fece-4b0b-ab55-2ea1b932a5e4",
      "parentUUID": "f92780d0-e710-4859-9173-fc392955e127",
      "isHook": false,
      "skipped": false
    },
    {
      "title": "打开注册界面",
      "fullTitle": "用例4：用户名含有特殊字符 打开注册界面",
      "timedOut": false,
      "duration": 347,
      "state": "passed",
      "speed": "slow",
      "pass": true,
      "fail": false,
      "pending": false,
      "code": "async function (){\n            await driver.get('http://192.168.21.128:3000/signup')",
      "err": {},
      "isRoot": false,
      "uuid": "28f01c91-328e-4a44-a61e-c42a6a3ded82",
      "parentUUID": "90bf913e-58f4-4e6a-8fb6-e44000dc7ee0",
      "isHook": false,
      "skipped": false
    },
    {
      "title": "输入用户名",
      "fullTitle": "用例4：用户名含有特殊字符 输入用户名",
      "timedOut": false,
      "duration": 148,
      "state": "passed",
      "speed": "slow",
      "pass": true,
      "fail": false,
      "pending": false,
      "code": "async function (){\n            await driver.findElement(By.id('loginname')).sendKeys('nihao~！@')",
      "err": {},
      "isRoot": false,
      "uuid": "4394929d-5707-41b7-a1e7-538bc58e7792",
      "parentUUID": "90bf913e-58f4-4e6a-8fb6-e44000dc7ee0",
      "isHook": false,
      "skipped": false
    },
    {
      "title": "输入密码",
      "fullTitle": "用例4：用户名含有特殊字符 输入密码",
      "timedOut": false,
      "duration": 173,
      "state": "passed",
      "speed": "slow",
      "pass": true,
      "fail": false,
      "pending": false,
      "code": "async function (){\n            await driver.findElement(By.id('pass')).sendKeys('123456')",
      "err": {},
      "isRoot": false,
      "uuid": "5571711d-d5f0-409e-a77b-b2dc82e77442",
      "parentUUID": "90bf913e-58f4-4e6a-8fb6-e44000dc7ee0",
      "isHook": false,
      "skipped": false
    },
    {
      "title": "确认密码",
      "fullTitle": "用例4：用户名含有特殊字符 确认密码",
      "timedOut": false,
      "duration": 215,
      "state": "passed",
      "speed": "slow",
      "pass": true,
      "fail": false,
      "pending": false,
      "code": "async function (){\n            await driver.findElement(By.id('re_pass')).sendKeys('123456')",
      "err": {},
      "isRoot": false,
      "uuid": "04c80f75-638b-479b-b71e-3a6ca0b73409",
      "parentUUID": "90bf913e-58f4-4e6a-8fb6-e44000dc7ee0",
      "isHook": false,
      "skipped": false
    },
    {
      "title": "输入注册邮箱",
      "fullTitle": "用例4：用户名含有特殊字符 输入注册邮箱",
      "timedOut": false,
      "duration": 173,
      "state": "passed",
      "speed": "slow",
      "pass": true,
      "fail": false,
      "pending": false,
      "code": "async function (){\n            await driver.findElement(By.id('email')).sendKeys('327821859@qq.com')",
      "err": {},
      "isRoot": false,
      "uuid": "bb33fb5d-da79-4785-8361-95c9c53bfd65",
      "parentUUID": "90bf913e-58f4-4e6a-8fb6-e44000dc7ee0",
      "isHook": false,
      "skipped": false
    },
    {
      "title": "点击注册按钮",
      "fullTitle": "用例4：用户名含有特殊字符 点击注册按钮",
      "timedOut": false,
      "duration": 343,
      "state": "passed",
      "speed": "slow",
      "pass": true,
      "fail": false,
      "pending": false,
      "code": "async function (){\n            await driver.findElement(By.className('span-primary')).click()",
      "err": {},
      "isRoot": false,
      "uuid": "110e6a21-8da4-4901-97a8-da06660190cb",
      "parentUUID": "90bf913e-58f4-4e6a-8fb6-e44000dc7ee0",
      "isHook": false,
      "skipped": false
    },
    {
      "title": "打开注册界面",
      "fullTitle": "用例5：密码为空 打开注册界面",
      "timedOut": false,
      "duration": 203,
      "state": "passed",
      "speed": "slow",
      "pass": true,
      "fail": false,
      "pending": false,
      "code": "async function (){\n            await driver.get('http://192.168.21.128:3000/signup')",
      "err": {},
      "isRoot": false,
      "uuid": "822a5588-f1ea-44b4-a949-c9dbe041c0d2",
      "parentUUID": "06c1e6f9-9ce7-4327-be97-4a2ca180907e",
      "isHook": false,
      "skipped": false
    },
    {
      "title": "输入用户名",
      "fullTitle": "用例5：密码为空 输入用户名",
      "timedOut": false,
      "duration": 115,
      "state": "passed",
      "speed": "slow",
      "pass": true,
      "fail": false,
      "pending": false,
      "code": "async function (){\n            await driver.findElement(By.id('loginname')).sendKeys('nihao2')",
      "err": {},
      "isRoot": false,
      "uuid": "52c7000a-ca30-47fd-8297-6f41f90aa580",
      "parentUUID": "06c1e6f9-9ce7-4327-be97-4a2ca180907e",
      "isHook": false,
      "skipped": false
    },
    {
      "title": "确认密码",
      "fullTitle": "用例5：密码为空 确认密码",
      "timedOut": false,
      "duration": 103,
      "state": "passed",
      "speed": "slow",
      "pass": true,
      "fail": false,
      "pending": false,
      "code": "async function (){\n            await driver.findElement(By.id('re_pass')).sendKeys('123456')",
      "err": {},
      "isRoot": false,
      "uuid": "7259d69e-1ea7-4d79-805f-2423ef442bf2",
      "parentUUID": "06c1e6f9-9ce7-4327-be97-4a2ca180907e",
      "isHook": false,
      "skipped": false
    },
    {
      "title": "输入注册邮箱",
      "fullTitle": "用例5：密码为空 输入注册邮箱",
      "timedOut": false,
      "duration": 190,
      "state": "passed",
      "speed": "slow",
      "pass": true,
      "fail": false,
      "pending": false,
      "code": "async function (){\n            await driver.findElement(By.id('email')).sendKeys('327821859@qq.com')",
      "err": {},
      "isRoot": false,
      "uuid": "b2e3c72d-8fc5-434e-a6e5-6359ae7462c8",
      "parentUUID": "06c1e6f9-9ce7-4327-be97-4a2ca180907e",
      "isHook": false,
      "skipped": false
    },
    {
      "title": "点击注册按钮",
      "fullTitle": "用例5：密码为空 点击注册按钮",
      "timedOut": false,
      "duration": 367,
      "state": "passed",
      "speed": "slow",
      "pass": true,
      "fail": false,
      "pending": false,
      "code": "async function (){\n            await driver.findElement(By.className('span-primary')).click()",
      "err": {},
      "isRoot": false,
      "uuid": "7f3f7ea4-3a20-4c8e-a2b1-acdf657dce35",
      "parentUUID": "06c1e6f9-9ce7-4327-be97-4a2ca180907e",
      "isHook": false,
      "skipped": false
    },
    {
      "title": "打开注册界面",
      "fullTitle": "用例5：密码不足6位 打开注册界面",
      "timedOut": false,
      "duration": 222,
      "state": "passed",
      "speed": "slow",
      "pass": true,
      "fail": false,
      "pending": false,
      "code": "async function (){\n            await driver.get('http://192.168.21.128:3000/signup')",
      "err": {},
      "isRoot": false,
      "uuid": "e4b3297d-1885-403e-a027-025ef72495a3",
      "parentUUID": "6e9164db-bf07-4a34-b53b-edf1c069e3c1",
      "isHook": false,
      "skipped": false
    },
    {
      "title": "输入用户名",
      "fullTitle": "用例5：密码不足6位 输入用户名",
      "timedOut": false,
      "duration": 132,
      "state": "passed",
      "speed": "slow",
      "pass": true,
      "fail": false,
      "pending": false,
      "code": "async function (){\n            await driver.findElement(By.id('loginname')).sendKeys('nihao3')",
      "err": {},
      "isRoot": false,
      "uuid": "a26d1b5a-4f1d-44f7-96c0-1f081f2d01e2",
      "parentUUID": "6e9164db-bf07-4a34-b53b-edf1c069e3c1",
      "isHook": false,
      "skipped": false
    },
    {
      "title": "输入密码",
      "fullTitle": "用例5：密码不足6位 输入密码",
      "timedOut": false,
      "duration": 104,
      "state": "passed",
      "speed": "slow",
      "pass": true,
      "fail": false,
      "pending": false,
      "code": "async function (){\n            await driver.findElement(By.id('pass')).sendKeys('1234')",
      "err": {},
      "isRoot": false,
      "uuid": "9844e974-397a-4de1-9ee2-eb22c78a4778",
      "parentUUID": "6e9164db-bf07-4a34-b53b-edf1c069e3c1",
      "isHook": false,
      "skipped": false
    },
    {
      "title": "确认密码",
      "fullTitle": "用例5：密码不足6位 确认密码",
      "timedOut": false,
      "duration": 97,
      "state": "passed",
      "speed": "slow",
      "pass": true,
      "fail": false,
      "pending": false,
      "code": "async function (){\n            await driver.findElement(By.id('re_pass')).sendKeys('1234')",
      "err": {},
      "isRoot": false,
      "uuid": "0ce05825-8435-4c5f-ac59-b0a760b4ab7c",
      "parentUUID": "6e9164db-bf07-4a34-b53b-edf1c069e3c1",
      "isHook": false,
      "skipped": false
    },
    {
      "title": "输入注册邮箱",
      "fullTitle": "用例5：密码不足6位 输入注册邮箱",
      "timedOut": false,
      "duration": 160,
      "state": "passed",
      "speed": "slow",
      "pass": true,
      "fail": false,
      "pending": false,
      "code": "async function (){\n            await driver.findElement(By.id('email')).sendKeys('327821859@qq.com')",
      "err": {},
      "isRoot": false,
      "uuid": "f67300a3-28ac-4a4e-a394-0f9e82ca8ffe",
      "parentUUID": "6e9164db-bf07-4a34-b53b-edf1c069e3c1",
      "isHook": false,
      "skipped": false
    },
    {
      "title": "点击注册按钮",
      "fullTitle": "用例5：密码不足6位 点击注册按钮",
      "timedOut": false,
      "duration": 349,
      "state": "passed",
      "speed": "slow",
      "pass": true,
      "fail": false,
      "pending": false,
      "code": "async function (){\n            await driver.findElement(By.className('span-primary')).click()",
      "err": {},
      "isRoot": false,
      "uuid": "08749745-e8a0-4499-aefe-f1b22ba3a567",
      "parentUUID": "6e9164db-bf07-4a34-b53b-edf1c069e3c1",
      "isHook": false,
      "skipped": false
    }
  ],
  "allPending": [],
  "allPasses": [
    {
      "title": "打开注册界面",
      "fullTitle": "用例1：正常注册 打开注册界面",
      "timedOut": false,
      "duration": 6009,
      "state": "passed",
      "speed": "slow",
      "pass": true,
      "fail": false,
      "pending": false,
      "code": "async function (){\n            await driver.get('http://192.168.21.128:3000/signup')",
      "err": {},
      "isRoot": false,
      "uuid": "65ee05c4-ffbe-4f1a-ac82-ab3f9d4dbb4c",
      "parentUUID": "86de8941-6c7b-4cc3-841e-501acda85f42",
      "isHook": false,
      "skipped": false
    },
    {
      "title": "输入用户名",
      "fullTitle": "用例1：正常注册 输入用户名",
      "timedOut": false,
      "duration": 152,
      "state": "passed",
      "speed": "slow",
      "pass": true,
      "fail": false,
      "pending": false,
      "code": "async function (){\n            await driver.findElement(By.id('loginname')).sendKeys('nihao')",
      "err": {},
      "isRoot": false,
      "uuid": "28d7875d-15eb-458e-8b64-ef0e357990bc",
      "parentUUID": "86de8941-6c7b-4cc3-841e-501acda85f42",
      "isHook": false,
      "skipped": false
    },
    {
      "title": "输入密码",
      "fullTitle": "用例1：正常注册 输入密码",
      "timedOut": false,
      "duration": 149,
      "state": "passed",
      "speed": "slow",
      "pass": true,
      "fail": false,
      "pending": false,
      "code": "async function (){\n            await driver.findElement(By.id('pass')).sendKeys('123456')",
      "err": {},
      "isRoot": false,
      "uuid": "6a50e91d-d3e1-4275-9761-25bcdf0d6b6a",
      "parentUUID": "86de8941-6c7b-4cc3-841e-501acda85f42",
      "isHook": false,
      "skipped": false
    },
    {
      "title": "确认密码",
      "fullTitle": "用例1：正常注册 确认密码",
      "timedOut": false,
      "duration": 154,
      "state": "passed",
      "speed": "slow",
      "pass": true,
      "fail": false,
      "pending": false,
      "code": "async function (){\n            await driver.findElement(By.id('re_pass')).sendKeys('123456')",
      "err": {},
      "isRoot": false,
      "uuid": "323729f7-c192-4851-a1d1-97d6a5596ed5",
      "parentUUID": "86de8941-6c7b-4cc3-841e-501acda85f42",
      "isHook": false,
      "skipped": false
    },
    {
      "title": "输入注册邮箱",
      "fullTitle": "用例1：正常注册 输入注册邮箱",
      "timedOut": false,
      "duration": 239,
      "state": "passed",
      "speed": "slow",
      "pass": true,
      "fail": false,
      "pending": false,
      "code": "async function (){\n            await driver.findElement(By.id('email')).sendKeys('327821859@qq.com')",
      "err": {},
      "isRoot": false,
      "uuid": "019d59f7-fd64-44f1-bd0d-a3035dbec766",
      "parentUUID": "86de8941-6c7b-4cc3-841e-501acda85f42",
      "isHook": false,
      "skipped": false
    },
    {
      "title": "点击注册按钮",
      "fullTitle": "用例1：正常注册 点击注册按钮",
      "timedOut": false,
      "duration": 657,
      "state": "passed",
      "speed": "slow",
      "pass": true,
      "fail": false,
      "pending": false,
      "code": "async function (){\n            await driver.findElement(By.className('span-primary')).click()",
      "err": {},
      "isRoot": false,
      "uuid": "38b6595b-79e1-4e25-931d-4c0061387932",
      "parentUUID": "86de8941-6c7b-4cc3-841e-501acda85f42",
      "isHook": false,
      "skipped": false
    },
    {
      "title": "打开注册界面",
      "fullTitle": "用例2：两次密码不一致 打开注册界面",
      "timedOut": false,
      "duration": 267,
      "state": "passed",
      "speed": "slow",
      "pass": true,
      "fail": false,
      "pending": false,
      "code": "async function (){\n            await driver.get('http://192.168.21.128:3000/signup')",
      "err": {},
      "isRoot": false,
      "uuid": "56edadd7-3139-4dd5-8f9e-d8870a610f8b",
      "parentUUID": "b9a2f392-f4c0-4eb0-a49f-ffec465b3d5c",
      "isHook": false,
      "skipped": false
    },
    {
      "title": "输入用户名",
      "fullTitle": "用例2：两次密码不一致 输入用户名",
      "timedOut": false,
      "duration": 134,
      "state": "passed",
      "speed": "slow",
      "pass": true,
      "fail": false,
      "pending": false,
      "code": "async function (){\n            await driver.findElement(By.id('loginname')).sendKeys('nihao1')",
      "err": {},
      "isRoot": false,
      "uuid": "b16cb396-3053-4678-89cd-fe1da39f9dea",
      "parentUUID": "b9a2f392-f4c0-4eb0-a49f-ffec465b3d5c",
      "isHook": false,
      "skipped": false
    },
    {
      "title": "输入密码",
      "fullTitle": "用例2：两次密码不一致 输入密码",
      "timedOut": false,
      "duration": 123,
      "state": "passed",
      "speed": "slow",
      "pass": true,
      "fail": false,
      "pending": false,
      "code": "async function (){\n            await driver.findElement(By.id('pass')).sendKeys('123456')",
      "err": {},
      "isRoot": false,
      "uuid": "ca76a86d-28d4-437a-a4e0-c5abe2d3e866",
      "parentUUID": "b9a2f392-f4c0-4eb0-a49f-ffec465b3d5c",
      "isHook": false,
      "skipped": false
    },
    {
      "title": "确认密码",
      "fullTitle": "用例2：两次密码不一致 确认密码",
      "timedOut": false,
      "duration": 117,
      "state": "passed",
      "speed": "slow",
      "pass": true,
      "fail": false,
      "pending": false,
      "code": "async function (){\n            await driver.findElement(By.id('re_pass')).sendKeys('12345')",
      "err": {},
      "isRoot": false,
      "uuid": "7fe5a62c-fc3a-4168-8203-968bccba36bd",
      "parentUUID": "b9a2f392-f4c0-4eb0-a49f-ffec465b3d5c",
      "isHook": false,
      "skipped": false
    },
    {
      "title": "输入注册邮箱",
      "fullTitle": "用例2：两次密码不一致 输入注册邮箱",
      "timedOut": false,
      "duration": 194,
      "state": "passed",
      "speed": "slow",
      "pass": true,
      "fail": false,
      "pending": false,
      "code": "async function (){\n            await driver.findElement(By.id('email')).sendKeys('327821859@qq.com')",
      "err": {},
      "isRoot": false,
      "uuid": "2b73d0e4-4f6f-4c5a-b569-b846d10d2068",
      "parentUUID": "b9a2f392-f4c0-4eb0-a49f-ffec465b3d5c",
      "isHook": false,
      "skipped": false
    },
    {
      "title": "点击注册按钮",
      "fullTitle": "用例2：两次密码不一致 点击注册按钮",
      "timedOut": false,
      "duration": 468,
      "state": "passed",
      "speed": "slow",
      "pass": true,
      "fail": false,
      "pending": false,
      "code": "async function (){\n            await driver.findElement(By.className('span-primary')).click()",
      "err": {},
      "isRoot": false,
      "uuid": "12c4c3c6-7583-4fbe-bd7b-85b21462af58",
      "parentUUID": "b9a2f392-f4c0-4eb0-a49f-ffec465b3d5c",
      "isHook": false,
      "skipped": false
    },
    {
      "title": "打开注册界面",
      "fullTitle": "用例3：用户名为空注册 打开注册界面",
      "timedOut": false,
      "duration": 274,
      "state": "passed",
      "speed": "slow",
      "pass": true,
      "fail": false,
      "pending": false,
      "code": "async function (){\n            await driver.get('http://192.168.21.128:3000/signup')",
      "err": {},
      "isRoot": false,
      "uuid": "4585037d-f152-40cf-93f5-db80863cd3d3",
      "parentUUID": "f92780d0-e710-4859-9173-fc392955e127",
      "isHook": false,
      "skipped": false
    },
    {
      "title": "输入密码",
      "fullTitle": "用例3：用户名为空注册 输入密码",
      "timedOut": false,
      "duration": 121,
      "state": "passed",
      "speed": "slow",
      "pass": true,
      "fail": false,
      "pending": false,
      "code": "async function (){\n            await driver.findElement(By.id('pass')).sendKeys('123456')",
      "err": {},
      "isRoot": false,
      "uuid": "30bd2a28-836e-43b9-bb06-81bcda7311b3",
      "parentUUID": "f92780d0-e710-4859-9173-fc392955e127",
      "isHook": false,
      "skipped": false
    },
    {
      "title": "确认密码",
      "fullTitle": "用例3：用户名为空注册 确认密码",
      "timedOut": false,
      "duration": 106,
      "state": "passed",
      "speed": "slow",
      "pass": true,
      "fail": false,
      "pending": false,
      "code": "async function (){\n            await driver.findElement(By.id('re_pass')).sendKeys('123456')",
      "err": {},
      "isRoot": false,
      "uuid": "df592f7b-5217-4466-8452-555c59b8759e",
      "parentUUID": "f92780d0-e710-4859-9173-fc392955e127",
      "isHook": false,
      "skipped": false
    },
    {
      "title": "输入注册邮箱",
      "fullTitle": "用例3：用户名为空注册 输入注册邮箱",
      "timedOut": false,
      "duration": 178,
      "state": "passed",
      "speed": "slow",
      "pass": true,
      "fail": false,
      "pending": false,
      "code": "async function (){\n            await driver.findElement(By.id('email')).sendKeys('327821859@qq.com')",
      "err": {},
      "isRoot": false,
      "uuid": "e99cf161-12d3-433d-a4b5-ad9a4bfe96a7",
      "parentUUID": "f92780d0-e710-4859-9173-fc392955e127",
      "isHook": false,
      "skipped": false
    },
    {
      "title": "点击注册按钮",
      "fullTitle": "用例3：用户名为空注册 点击注册按钮",
      "timedOut": false,
      "duration": 487,
      "state": "passed",
      "speed": "slow",
      "pass": true,
      "fail": false,
      "pending": false,
      "code": "async function (){\n            await driver.findElement(By.className('span-primary')).click()",
      "err": {},
      "isRoot": false,
      "uuid": "d4839a5e-fece-4b0b-ab55-2ea1b932a5e4",
      "parentUUID": "f92780d0-e710-4859-9173-fc392955e127",
      "isHook": false,
      "skipped": false
    },
    {
      "title": "打开注册界面",
      "fullTitle": "用例4：用户名含有特殊字符 打开注册界面",
      "timedOut": false,
      "duration": 347,
      "state": "passed",
      "speed": "slow",
      "pass": true,
      "fail": false,
      "pending": false,
      "code": "async function (){\n            await driver.get('http://192.168.21.128:3000/signup')",
      "err": {},
      "isRoot": false,
      "uuid": "28f01c91-328e-4a44-a61e-c42a6a3ded82",
      "parentUUID": "90bf913e-58f4-4e6a-8fb6-e44000dc7ee0",
      "isHook": false,
      "skipped": false
    },
    {
      "title": "输入用户名",
      "fullTitle": "用例4：用户名含有特殊字符 输入用户名",
      "timedOut": false,
      "duration": 148,
      "state": "passed",
      "speed": "slow",
      "pass": true,
      "fail": false,
      "pending": false,
      "code": "async function (){\n            await driver.findElement(By.id('loginname')).sendKeys('nihao~！@')",
      "err": {},
      "isRoot": false,
      "uuid": "4394929d-5707-41b7-a1e7-538bc58e7792",
      "parentUUID": "90bf913e-58f4-4e6a-8fb6-e44000dc7ee0",
      "isHook": false,
      "skipped": false
    },
    {
      "title": "输入密码",
      "fullTitle": "用例4：用户名含有特殊字符 输入密码",
      "timedOut": false,
      "duration": 173,
      "state": "passed",
      "speed": "slow",
      "pass": true,
      "fail": false,
      "pending": false,
      "code": "async function (){\n            await driver.findElement(By.id('pass')).sendKeys('123456')",
      "err": {},
      "isRoot": false,
      "uuid": "5571711d-d5f0-409e-a77b-b2dc82e77442",
      "parentUUID": "90bf913e-58f4-4e6a-8fb6-e44000dc7ee0",
      "isHook": false,
      "skipped": false
    },
    {
      "title": "确认密码",
      "fullTitle": "用例4：用户名含有特殊字符 确认密码",
      "timedOut": false,
      "duration": 215,
      "state": "passed",
      "speed": "slow",
      "pass": true,
      "fail": false,
      "pending": false,
      "code": "async function (){\n            await driver.findElement(By.id('re_pass')).sendKeys('123456')",
      "err": {},
      "isRoot": false,
      "uuid": "04c80f75-638b-479b-b71e-3a6ca0b73409",
      "parentUUID": "90bf913e-58f4-4e6a-8fb6-e44000dc7ee0",
      "isHook": false,
      "skipped": false
    },
    {
      "title": "输入注册邮箱",
      "fullTitle": "用例4：用户名含有特殊字符 输入注册邮箱",
      "timedOut": false,
      "duration": 173,
      "state": "passed",
      "speed": "slow",
      "pass": true,
      "fail": false,
      "pending": false,
      "code": "async function (){\n            await driver.findElement(By.id('email')).sendKeys('327821859@qq.com')",
      "err": {},
      "isRoot": false,
      "uuid": "bb33fb5d-da79-4785-8361-95c9c53bfd65",
      "parentUUID": "90bf913e-58f4-4e6a-8fb6-e44000dc7ee0",
      "isHook": false,
      "skipped": false
    },
    {
      "title": "点击注册按钮",
      "fullTitle": "用例4：用户名含有特殊字符 点击注册按钮",
      "timedOut": false,
      "duration": 343,
      "state": "passed",
      "speed": "slow",
      "pass": true,
      "fail": false,
      "pending": false,
      "code": "async function (){\n            await driver.findElement(By.className('span-primary')).click()",
      "err": {},
      "isRoot": false,
      "uuid": "110e6a21-8da4-4901-97a8-da06660190cb",
      "parentUUID": "90bf913e-58f4-4e6a-8fb6-e44000dc7ee0",
      "isHook": false,
      "skipped": false
    },
    {
      "title": "打开注册界面",
      "fullTitle": "用例5：密码为空 打开注册界面",
      "timedOut": false,
      "duration": 203,
      "state": "passed",
      "speed": "slow",
      "pass": true,
      "fail": false,
      "pending": false,
      "code": "async function (){\n            await driver.get('http://192.168.21.128:3000/signup')",
      "err": {},
      "isRoot": false,
      "uuid": "822a5588-f1ea-44b4-a949-c9dbe041c0d2",
      "parentUUID": "06c1e6f9-9ce7-4327-be97-4a2ca180907e",
      "isHook": false,
      "skipped": false
    },
    {
      "title": "输入用户名",
      "fullTitle": "用例5：密码为空 输入用户名",
      "timedOut": false,
      "duration": 115,
      "state": "passed",
      "speed": "slow",
      "pass": true,
      "fail": false,
      "pending": false,
      "code": "async function (){\n            await driver.findElement(By.id('loginname')).sendKeys('nihao2')",
      "err": {},
      "isRoot": false,
      "uuid": "52c7000a-ca30-47fd-8297-6f41f90aa580",
      "parentUUID": "06c1e6f9-9ce7-4327-be97-4a2ca180907e",
      "isHook": false,
      "skipped": false
    },
    {
      "title": "确认密码",
      "fullTitle": "用例5：密码为空 确认密码",
      "timedOut": false,
      "duration": 103,
      "state": "passed",
      "speed": "slow",
      "pass": true,
      "fail": false,
      "pending": false,
      "code": "async function (){\n            await driver.findElement(By.id('re_pass')).sendKeys('123456')",
      "err": {},
      "isRoot": false,
      "uuid": "7259d69e-1ea7-4d79-805f-2423ef442bf2",
      "parentUUID": "06c1e6f9-9ce7-4327-be97-4a2ca180907e",
      "isHook": false,
      "skipped": false
    },
    {
      "title": "输入注册邮箱",
      "fullTitle": "用例5：密码为空 输入注册邮箱",
      "timedOut": false,
      "duration": 190,
      "state": "passed",
      "speed": "slow",
      "pass": true,
      "fail": false,
      "pending": false,
      "code": "async function (){\n            await driver.findElement(By.id('email')).sendKeys('327821859@qq.com')",
      "err": {},
      "isRoot": false,
      "uuid": "b2e3c72d-8fc5-434e-a6e5-6359ae7462c8",
      "parentUUID": "06c1e6f9-9ce7-4327-be97-4a2ca180907e",
      "isHook": false,
      "skipped": false
    },
    {
      "title": "点击注册按钮",
      "fullTitle": "用例5：密码为空 点击注册按钮",
      "timedOut": false,
      "duration": 367,
      "state": "passed",
      "speed": "slow",
      "pass": true,
      "fail": false,
      "pending": false,
      "code": "async function (){\n            await driver.findElement(By.className('span-primary')).click()",
      "err": {},
      "isRoot": false,
      "uuid": "7f3f7ea4-3a20-4c8e-a2b1-acdf657dce35",
      "parentUUID": "06c1e6f9-9ce7-4327-be97-4a2ca180907e",
      "isHook": false,
      "skipped": false
    },
    {
      "title": "打开注册界面",
      "fullTitle": "用例5：密码不足6位 打开注册界面",
      "timedOut": false,
      "duration": 222,
      "state": "passed",
      "speed": "slow",
      "pass": true,
      "fail": false,
      "pending": false,
      "code": "async function (){\n            await driver.get('http://192.168.21.128:3000/signup')",
      "err": {},
      "isRoot": false,
      "uuid": "e4b3297d-1885-403e-a027-025ef72495a3",
      "parentUUID": "6e9164db-bf07-4a34-b53b-edf1c069e3c1",
      "isHook": false,
      "skipped": false
    },
    {
      "title": "输入用户名",
      "fullTitle": "用例5：密码不足6位 输入用户名",
      "timedOut": false,
      "duration": 132,
      "state": "passed",
      "speed": "slow",
      "pass": true,
      "fail": false,
      "pending": false,
      "code": "async function (){\n            await driver.findElement(By.id('loginname')).sendKeys('nihao3')",
      "err": {},
      "isRoot": false,
      "uuid": "a26d1b5a-4f1d-44f7-96c0-1f081f2d01e2",
      "parentUUID": "6e9164db-bf07-4a34-b53b-edf1c069e3c1",
      "isHook": false,
      "skipped": false
    },
    {
      "title": "输入密码",
      "fullTitle": "用例5：密码不足6位 输入密码",
      "timedOut": false,
      "duration": 104,
      "state": "passed",
      "speed": "slow",
      "pass": true,
      "fail": false,
      "pending": false,
      "code": "async function (){\n            await driver.findElement(By.id('pass')).sendKeys('1234')",
      "err": {},
      "isRoot": false,
      "uuid": "9844e974-397a-4de1-9ee2-eb22c78a4778",
      "parentUUID": "6e9164db-bf07-4a34-b53b-edf1c069e3c1",
      "isHook": false,
      "skipped": false
    },
    {
      "title": "确认密码",
      "fullTitle": "用例5：密码不足6位 确认密码",
      "timedOut": false,
      "duration": 97,
      "state": "passed",
      "speed": "slow",
      "pass": true,
      "fail": false,
      "pending": false,
      "code": "async function (){\n            await driver.findElement(By.id('re_pass')).sendKeys('1234')",
      "err": {},
      "isRoot": false,
      "uuid": "0ce05825-8435-4c5f-ac59-b0a760b4ab7c",
      "parentUUID": "6e9164db-bf07-4a34-b53b-edf1c069e3c1",
      "isHook": false,
      "skipped": false
    },
    {
      "title": "输入注册邮箱",
      "fullTitle": "用例5：密码不足6位 输入注册邮箱",
      "timedOut": false,
      "duration": 160,
      "state": "passed",
      "speed": "slow",
      "pass": true,
      "fail": false,
      "pending": false,
      "code": "async function (){\n            await driver.findElement(By.id('email')).sendKeys('327821859@qq.com')",
      "err": {},
      "isRoot": false,
      "uuid": "f67300a3-28ac-4a4e-a394-0f9e82ca8ffe",
      "parentUUID": "6e9164db-bf07-4a34-b53b-edf1c069e3c1",
      "isHook": false,
      "skipped": false
    },
    {
      "title": "点击注册按钮",
      "fullTitle": "用例5：密码不足6位 点击注册按钮",
      "timedOut": false,
      "duration": 349,
      "state": "passed",
      "speed": "slow",
      "pass": true,
      "fail": false,
      "pending": false,
      "code": "async function (){\n            await driver.findElement(By.className('span-primary')).click()",
      "err": {},
      "isRoot": false,
      "uuid": "08749745-e8a0-4499-aefe-f1b22ba3a567",
      "parentUUID": "6e9164db-bf07-4a34-b53b-edf1c069e3c1",
      "isHook": false,
      "skipped": false
    }
  ],
  "allFailures": [],
  "copyrightYear": 2017
}